CRITICAL - 2024-10-19 19:11:42 --> CodeIgniter\Filters\Exceptions\FilterException: "jwt-auth" filter must have a matching alias defined.
[Method: GET, Route: componentes]
in SYSTEMPATH\Filters\Filters.php on line 495.
 1 SYSTEMPATH\Filters\Filters.php(495): CodeIgniter\Filters\Exceptions\FilterException::forNoAlias('jwt-auth')
 2 SYSTEMPATH\Filters\Filters.php(547): CodeIgniter\Filters\Filters->enableFilter('jwt-auth', 'before')
 3 SYSTEMPATH\CodeIgniter.php(469): CodeIgniter\Filters\Filters->enableFilters([...], 'before')
 4 SYSTEMPATH\CodeIgniter.php(355): CodeIgniter\CodeIgniter->handleRequest(null, Object(Config\Cache), false)
 5 SYSTEMPATH\Boot.php(312): CodeIgniter\CodeIgniter->run()
 6 SYSTEMPATH\Boot.php(67): CodeIgniter\Boot::runCodeIgniter(Object(CodeIgniter\CodeIgniter))
 7 FCPATH\index.php(56): CodeIgniter\Boot::bootWeb(Object(Config\Paths))
CRITICAL - 2024-10-19 21:30:54 --> BadMethodCallException: Call to undefined method App\Models\sinapptic\moduloModel::listModules_Components
[Method: GET, Route: modulos/modulos_componentes]
in SYSTEMPATH\Model.php on line 921.
 1 APPPATH\Controllers\sinapptic\ModuloController.php(28): CodeIgniter\Model->__call('listModules_Components', [])
 2 SYSTEMPATH\CodeIgniter.php(933): App\Controllers\sinapptic\ModuloController->listModules_Components()
 3 SYSTEMPATH\CodeIgniter.php(509): CodeIgniter\CodeIgniter->runController(Object(App\Controllers\sinapptic\ModuloController))
 4 SYSTEMPATH\CodeIgniter.php(355): CodeIgniter\CodeIgniter->handleRequest(null, Object(Config\Cache), false)
 5 SYSTEMPATH\Boot.php(312): CodeIgniter\CodeIgniter->run()
 6 SYSTEMPATH\Boot.php(67): CodeIgniter\Boot::runCodeIgniter(Object(CodeIgniter\CodeIgniter))
 7 FCPATH\index.php(56): CodeIgniter\Boot::bootWeb(Object(Config\Paths))
CRITICAL - 2024-10-19 21:33:46 --> Error: Cannot use object of type stdClass as array
[Method: GET, Route: modulos/modulos_componentes]
in APPPATH\Controllers\sinapptic\ModuloController.php on line 35.
 1 SYSTEMPATH\CodeIgniter.php(933): App\Controllers\sinapptic\ModuloController->listModules_Components()
 2 SYSTEMPATH\CodeIgniter.php(509): CodeIgniter\CodeIgniter->runController(Object(App\Controllers\sinapptic\ModuloController))
 3 SYSTEMPATH\CodeIgniter.php(355): CodeIgniter\CodeIgniter->handleRequest(null, Object(Config\Cache), false)
 4 SYSTEMPATH\Boot.php(312): CodeIgniter\CodeIgniter->run()
 5 SYSTEMPATH\Boot.php(67): CodeIgniter\Boot::runCodeIgniter(Object(CodeIgniter\CodeIgniter))
 6 FCPATH\index.php(56): CodeIgniter\Boot::bootWeb(Object(Config\Paths))
CRITICAL - 2024-10-19 21:39:00 --> ArgumentCountError: Too few arguments to function App\Models\sinapptic\componenteModel::listarComponentes(), 0 passed in C:\xampp\htdocs\backend\app\Controllers\sinapptic\ModuloController.php on line 29 and exactly 1 expected
[Method: GET, Route: modulos/modulos_componentes]
in APPPATH\Models\sinapptic\componenteModel.php on line 11.
 1 APPPATH\Controllers\sinapptic\ModuloController.php(29): App\Models\sinapptic\componenteModel->listarComponentes()
 2 SYSTEMPATH\CodeIgniter.php(933): App\Controllers\sinapptic\ModuloController->listModules_Components()
 3 SYSTEMPATH\CodeIgniter.php(509): CodeIgniter\CodeIgniter->runController(Object(App\Controllers\sinapptic\ModuloController))
 4 SYSTEMPATH\CodeIgniter.php(355): CodeIgniter\CodeIgniter->handleRequest(null, Object(Config\Cache), false)
 5 SYSTEMPATH\Boot.php(312): CodeIgniter\CodeIgniter->run()
 6 SYSTEMPATH\Boot.php(67): CodeIgniter\Boot::runCodeIgniter(Object(CodeIgniter\CodeIgniter))
 7 FCPATH\index.php(56): CodeIgniter\Boot::bootWeb(Object(Config\Paths))
