CRITICAL - 2024-10-22 01:22:42 --> ErrorException: Undefined array key "ID_MODULO"
[Method: GET, Route: modulos/modulos_componentes]
in APPPATH\Controllers\sinapptic\ModuloController.php on line 30.
 1 APPPATH\Controllers\sinapptic\ModuloController.php(30): CodeIgniter\Debug\Exceptions->errorHandler(2, 'Undefined array key "ID_MODULO"', 'C:\\xampp\\htdocs\\backend\\app\\Controllers\\sinapptic\\ModuloController.php', 30)
 2 SYSTEMPATH\CodeIgniter.php(933): App\Controllers\sinapptic\ModuloController->listModules_Components()
 3 SYSTEMPATH\CodeIgniter.php(509): CodeIgniter\CodeIgniter->runController(Object(App\Controllers\sinapptic\ModuloController))
 4 SYSTEMPATH\CodeIgniter.php(355): CodeIgniter\CodeIgniter->handleRequest(null, Object(Config\Cache), false)
 5 SYSTEMPATH\Boot.php(312): CodeIgniter\CodeIgniter->run()
 6 SYSTEMPATH\Boot.php(67): CodeIgniter\Boot::runCodeIgniter(Object(CodeIgniter\CodeIgniter))
 7 FCPATH\index.php(56): CodeIgniter\Boot::bootWeb(Object(Config\Paths))
CRITICAL - 2024-10-22 01:22:59 --> ErrorException: Undefined array key "ID_MODULO"
[Method: GET, Route: modulos/modulos_componentes]
in APPPATH\Controllers\sinapptic\ModuloController.php on line 30.
 1 APPPATH\Controllers\sinapptic\ModuloController.php(30): CodeIgniter\Debug\Exceptions->errorHandler(2, 'Undefined array key "ID_MODULO"', 'C:\\xampp\\htdocs\\backend\\app\\Controllers\\sinapptic\\ModuloController.php', 30)
 2 SYSTEMPATH\CodeIgniter.php(933): App\Controllers\sinapptic\ModuloController->listModules_Components()
 3 SYSTEMPATH\CodeIgniter.php(509): CodeIgniter\CodeIgniter->runController(Object(App\Controllers\sinapptic\ModuloController))
 4 SYSTEMPATH\CodeIgniter.php(355): CodeIgniter\CodeIgniter->handleRequest(null, Object(Config\Cache), false)
 5 SYSTEMPATH\Boot.php(312): CodeIgniter\CodeIgniter->run()
 6 SYSTEMPATH\Boot.php(67): CodeIgniter\Boot::runCodeIgniter(Object(CodeIgniter\CodeIgniter))
 7 FCPATH\index.php(56): CodeIgniter\Boot::bootWeb(Object(Config\Paths))
CRITICAL - 2024-10-22 01:23:57 --> ErrorException: Undefined array key "ID_MODULO"
[Method: GET, Route: modulos/modulos_componentes]
in APPPATH\Controllers\sinapptic\ModuloController.php on line 30.
 1 APPPATH\Controllers\sinapptic\ModuloController.php(30): CodeIgniter\Debug\Exceptions->errorHandler(2, 'Undefined array key "ID_MODULO"', 'C:\\xampp\\htdocs\\backend\\app\\Controllers\\sinapptic\\ModuloController.php', 30)
 2 SYSTEMPATH\CodeIgniter.php(933): App\Controllers\sinapptic\ModuloController->listModules_Components()
 3 SYSTEMPATH\CodeIgniter.php(509): CodeIgniter\CodeIgniter->runController(Object(App\Controllers\sinapptic\ModuloController))
 4 SYSTEMPATH\CodeIgniter.php(355): CodeIgniter\CodeIgniter->handleRequest(null, Object(Config\Cache), false)
 5 SYSTEMPATH\Boot.php(312): CodeIgniter\CodeIgniter->run()
 6 SYSTEMPATH\Boot.php(67): CodeIgniter\Boot::runCodeIgniter(Object(CodeIgniter\CodeIgniter))
 7 FCPATH\index.php(56): CodeIgniter\Boot::bootWeb(Object(Config\Paths))
CRITICAL - 2024-10-22 01:25:31 --> ErrorException: Undefined array key "ID_MODULO"
[Method: GET, Route: modulos/modulos_componentes]
in APPPATH\Controllers\sinapptic\ModuloController.php on line 30.
 1 APPPATH\Controllers\sinapptic\ModuloController.php(30): CodeIgniter\Debug\Exceptions->errorHandler(2, 'Undefined array key "ID_MODULO"', 'C:\\xampp\\htdocs\\backend\\app\\Controllers\\sinapptic\\ModuloController.php', 30)
 2 SYSTEMPATH\CodeIgniter.php(933): App\Controllers\sinapptic\ModuloController->listModules_Components()
 3 SYSTEMPATH\CodeIgniter.php(509): CodeIgniter\CodeIgniter->runController(Object(App\Controllers\sinapptic\ModuloController))
 4 SYSTEMPATH\CodeIgniter.php(355): CodeIgniter\CodeIgniter->handleRequest(null, Object(Config\Cache), false)
 5 SYSTEMPATH\Boot.php(312): CodeIgniter\CodeIgniter->run()
 6 SYSTEMPATH\Boot.php(67): CodeIgniter\Boot::runCodeIgniter(Object(CodeIgniter\CodeIgniter))
 7 FCPATH\index.php(56): CodeIgniter\Boot::bootWeb(Object(Config\Paths))
CRITICAL - 2024-10-22 01:27:01 --> ErrorException: Undefined array key "ID_MODULO"
[Method: GET, Route: modulos/modulos_componentes]
in APPPATH\Controllers\sinapptic\ModuloController.php on line 30.
 1 APPPATH\Controllers\sinapptic\ModuloController.php(30): CodeIgniter\Debug\Exceptions->errorHandler(2, 'Undefined array key "ID_MODULO"', 'C:\\xampp\\htdocs\\backend\\app\\Controllers\\sinapptic\\ModuloController.php', 30)
 2 SYSTEMPATH\CodeIgniter.php(933): App\Controllers\sinapptic\ModuloController->listModules_Components()
 3 SYSTEMPATH\CodeIgniter.php(509): CodeIgniter\CodeIgniter->runController(Object(App\Controllers\sinapptic\ModuloController))
 4 SYSTEMPATH\CodeIgniter.php(355): CodeIgniter\CodeIgniter->handleRequest(null, Object(Config\Cache), false)
 5 SYSTEMPATH\Boot.php(312): CodeIgniter\CodeIgniter->run()
 6 SYSTEMPATH\Boot.php(67): CodeIgniter\Boot::runCodeIgniter(Object(CodeIgniter\CodeIgniter))
 7 FCPATH\index.php(56): CodeIgniter\Boot::bootWeb(Object(Config\Paths))
CRITICAL - 2024-10-22 01:27:59 --> ErrorException: Undefined array key "ID_MODULO"
[Method: GET, Route: modulos/modulos_componentes]
in APPPATH\Controllers\sinapptic\ModuloController.php on line 30.
 1 APPPATH\Controllers\sinapptic\ModuloController.php(30): CodeIgniter\Debug\Exceptions->errorHandler(2, 'Undefined array key "ID_MODULO"', 'C:\\xampp\\htdocs\\backend\\app\\Controllers\\sinapptic\\ModuloController.php', 30)
 2 SYSTEMPATH\CodeIgniter.php(933): App\Controllers\sinapptic\ModuloController->listModules_Components()
 3 SYSTEMPATH\CodeIgniter.php(509): CodeIgniter\CodeIgniter->runController(Object(App\Controllers\sinapptic\ModuloController))
 4 SYSTEMPATH\CodeIgniter.php(355): CodeIgniter\CodeIgniter->handleRequest(null, Object(Config\Cache), false)
 5 SYSTEMPATH\Boot.php(312): CodeIgniter\CodeIgniter->run()
 6 SYSTEMPATH\Boot.php(67): CodeIgniter\Boot::runCodeIgniter(Object(CodeIgniter\CodeIgniter))
 7 FCPATH\index.php(56): CodeIgniter\Boot::bootWeb(Object(Config\Paths))
CRITICAL - 2024-10-22 01:32:12 --> ErrorException: Undefined array key "ID_MODULO"
[Method: GET, Route: modulos/modulos_componentes]
in APPPATH\Controllers\sinapptic\ModuloController.php on line 30.
 1 APPPATH\Controllers\sinapptic\ModuloController.php(30): CodeIgniter\Debug\Exceptions->errorHandler(2, 'Undefined array key "ID_MODULO"', 'C:\\xampp\\htdocs\\backend\\app\\Controllers\\sinapptic\\ModuloController.php', 30)
 2 SYSTEMPATH\CodeIgniter.php(933): App\Controllers\sinapptic\ModuloController->listModules_Components()
 3 SYSTEMPATH\CodeIgniter.php(509): CodeIgniter\CodeIgniter->runController(Object(App\Controllers\sinapptic\ModuloController))
 4 SYSTEMPATH\CodeIgniter.php(355): CodeIgniter\CodeIgniter->handleRequest(null, Object(Config\Cache), false)
 5 SYSTEMPATH\Boot.php(312): CodeIgniter\CodeIgniter->run()
 6 SYSTEMPATH\Boot.php(67): CodeIgniter\Boot::runCodeIgniter(Object(CodeIgniter\CodeIgniter))
 7 FCPATH\index.php(56): CodeIgniter\Boot::bootWeb(Object(Config\Paths))
CRITICAL - 2024-10-22 01:33:39 --> ErrorException: Undefined array key "ID_MODULO"
[Method: GET, Route: modulos/modulos_componentes]
in APPPATH\Controllers\sinapptic\ModuloController.php on line 33.
 1 APPPATH\Controllers\sinapptic\ModuloController.php(33): CodeIgniter\Debug\Exceptions->errorHandler(2, 'Undefined array key "ID_MODULO"', 'C:\\xampp\\htdocs\\backend\\app\\Controllers\\sinapptic\\ModuloController.php', 33)
 2 SYSTEMPATH\CodeIgniter.php(933): App\Controllers\sinapptic\ModuloController->listModules_Components()
 3 SYSTEMPATH\CodeIgniter.php(509): CodeIgniter\CodeIgniter->runController(Object(App\Controllers\sinapptic\ModuloController))
 4 SYSTEMPATH\CodeIgniter.php(355): CodeIgniter\CodeIgniter->handleRequest(null, Object(Config\Cache), false)
 5 SYSTEMPATH\Boot.php(312): CodeIgniter\CodeIgniter->run()
 6 SYSTEMPATH\Boot.php(67): CodeIgniter\Boot::runCodeIgniter(Object(CodeIgniter\CodeIgniter))
 7 FCPATH\index.php(56): CodeIgniter\Boot::bootWeb(Object(Config\Paths))
CRITICAL - 2024-10-22 01:34:16 --> ErrorException: Undefined array key "TITULO"
[Method: GET, Route: modulos/modulos_componentes]
in APPPATH\Controllers\sinapptic\ModuloController.php on line 33.
 1 APPPATH\Controllers\sinapptic\ModuloController.php(33): CodeIgniter\Debug\Exceptions->errorHandler(2, 'Undefined array key "TITULO"', 'C:\\xampp\\htdocs\\backend\\app\\Controllers\\sinapptic\\ModuloController.php', 33)
 2 SYSTEMPATH\CodeIgniter.php(933): App\Controllers\sinapptic\ModuloController->listModules_Components()
 3 SYSTEMPATH\CodeIgniter.php(509): CodeIgniter\CodeIgniter->runController(Object(App\Controllers\sinapptic\ModuloController))
 4 SYSTEMPATH\CodeIgniter.php(355): CodeIgniter\CodeIgniter->handleRequest(null, Object(Config\Cache), false)
 5 SYSTEMPATH\Boot.php(312): CodeIgniter\CodeIgniter->run()
 6 SYSTEMPATH\Boot.php(67): CodeIgniter\Boot::runCodeIgniter(Object(CodeIgniter\CodeIgniter))
 7 FCPATH\index.php(56): CodeIgniter\Boot::bootWeb(Object(Config\Paths))
CRITICAL - 2024-10-22 01:35:40 --> ErrorException: Undefined array key "ID_MODULO"
[Method: GET, Route: modulos/modulos_componentes]
in APPPATH\Controllers\sinapptic\ModuloController.php on line 30.
 1 APPPATH\Controllers\sinapptic\ModuloController.php(30): CodeIgniter\Debug\Exceptions->errorHandler(2, 'Undefined array key "ID_MODULO"', 'C:\\xampp\\htdocs\\backend\\app\\Controllers\\sinapptic\\ModuloController.php', 30)
 2 SYSTEMPATH\CodeIgniter.php(933): App\Controllers\sinapptic\ModuloController->listModules_Components()
 3 SYSTEMPATH\CodeIgniter.php(509): CodeIgniter\CodeIgniter->runController(Object(App\Controllers\sinapptic\ModuloController))
 4 SYSTEMPATH\CodeIgniter.php(355): CodeIgniter\CodeIgniter->handleRequest(null, Object(Config\Cache), false)
 5 SYSTEMPATH\Boot.php(312): CodeIgniter\CodeIgniter->run()
 6 SYSTEMPATH\Boot.php(67): CodeIgniter\Boot::runCodeIgniter(Object(CodeIgniter\CodeIgniter))
 7 FCPATH\index.php(56): CodeIgniter\Boot::bootWeb(Object(Config\Paths))
CRITICAL - 2024-10-22 01:35:53 --> ErrorException: Undefined array key "ID_MODULO"
[Method: GET, Route: modulos/modulos_componentes]
in APPPATH\Controllers\sinapptic\ModuloController.php on line 30.
 1 APPPATH\Controllers\sinapptic\ModuloController.php(30): CodeIgniter\Debug\Exceptions->errorHandler(2, 'Undefined array key "ID_MODULO"', 'C:\\xampp\\htdocs\\backend\\app\\Controllers\\sinapptic\\ModuloController.php', 30)
 2 SYSTEMPATH\CodeIgniter.php(933): App\Controllers\sinapptic\ModuloController->listModules_Components()
 3 SYSTEMPATH\CodeIgniter.php(509): CodeIgniter\CodeIgniter->runController(Object(App\Controllers\sinapptic\ModuloController))
 4 SYSTEMPATH\CodeIgniter.php(355): CodeIgniter\CodeIgniter->handleRequest(null, Object(Config\Cache), false)
 5 SYSTEMPATH\Boot.php(312): CodeIgniter\CodeIgniter->run()
 6 SYSTEMPATH\Boot.php(67): CodeIgniter\Boot::runCodeIgniter(Object(CodeIgniter\CodeIgniter))
 7 FCPATH\index.php(56): CodeIgniter\Boot::bootWeb(Object(Config\Paths))
CRITICAL - 2024-10-22 01:37:32 --> BadMethodCallException: Call to undefined method App\Models\sinapptic\moduloModel::listModules
[Method: GET, Route: modulos]
in SYSTEMPATH\Model.php on line 921.
 1 APPPATH\Controllers\sinapptic\ModuloController.php(22): CodeIgniter\Model->__call('listModules', [])
 2 SYSTEMPATH\CodeIgniter.php(933): App\Controllers\sinapptic\ModuloController->listModules()
 3 SYSTEMPATH\CodeIgniter.php(509): CodeIgniter\CodeIgniter->runController(Object(App\Controllers\sinapptic\ModuloController))
 4 SYSTEMPATH\CodeIgniter.php(355): CodeIgniter\CodeIgniter->handleRequest(null, Object(Config\Cache), false)
 5 SYSTEMPATH\Boot.php(312): CodeIgniter\CodeIgniter->run()
 6 SYSTEMPATH\Boot.php(67): CodeIgniter\Boot::runCodeIgniter(Object(CodeIgniter\CodeIgniter))
 7 FCPATH\index.php(56): CodeIgniter\Boot::bootWeb(Object(Config\Paths))
ERROR - 2024-10-22 01:39:45 --> Error connecting to the database: mysqli_sql_exception: No se puede establecer una conexión ya que el equipo de destino denegó expresamente dicha conexión in C:\xampp\htdocs\backend\system\Database\MySQLi\Connection.php:186
Stack trace:
#0 C:\xampp\htdocs\backend\system\Database\MySQLi\Connection.php(186): mysqli->real_connect('localhost', 'root', Object(SensitiveParameterValue), 'sinapptic', 3306, '', 0)
#1 C:\xampp\htdocs\backend\system\Database\BaseConnection.php(421): CodeIgniter\Database\MySQLi\Connection->connect(false)
#2 C:\xampp\htdocs\backend\system\Database\BaseConnection.php(604): CodeIgniter\Database\BaseConnection->initialize()
#3 C:\xampp\htdocs\backend\system\Database\BaseBuilder.php(1629): CodeIgniter\Database\BaseConnection->query('SELECT `ID_MODU...', Array, false)
#4 C:\xampp\htdocs\backend\system\Model.php(919): CodeIgniter\Database\BaseBuilder->get()
#5 C:\xampp\htdocs\backend\app\Models\sinapptic\moduloModel.php(17): CodeIgniter\Model->__call('get', Array)
#6 C:\xampp\htdocs\backend\app\Controllers\sinapptic\ModuloController.php(22): App\Models\sinapptic\moduloModel->listarModulos()
#7 C:\xampp\htdocs\backend\system\CodeIgniter.php(933): App\Controllers\sinapptic\ModuloController->listModules()
#8 C:\xampp\htdocs\backend\system\CodeIgniter.php(509): CodeIgniter\CodeIgniter->runController(Object(App\Controllers\sinapptic\ModuloController))
#9 C:\xampp\htdocs\backend\system\CodeIgniter.php(355): CodeIgniter\CodeIgniter->handleRequest(NULL, Object(Config\Cache), false)
#10 C:\xampp\htdocs\backend\system\Boot.php(312): CodeIgniter\CodeIgniter->run()
#11 C:\xampp\htdocs\backend\system\Boot.php(67): CodeIgniter\Boot::runCodeIgniter(Object(CodeIgniter\CodeIgniter))
#12 C:\xampp\htdocs\backend\index.php(56): CodeIgniter\Boot::bootWeb(Object(Config\Paths))
#13 {main}

Next CodeIgniter\Database\Exceptions\DatabaseException: No se puede establecer una conexión ya que el equipo de destino denegó expresamente dicha conexión in C:\xampp\htdocs\backend\system\Database\MySQLi\Connection.php:231
Stack trace:
#0 C:\xampp\htdocs\backend\system\Database\BaseConnection.php(421): CodeIgniter\Database\MySQLi\Connection->connect(false)
#1 C:\xampp\htdocs\backend\system\Database\BaseConnection.php(604): CodeIgniter\Database\BaseConnection->initialize()
#2 C:\xampp\htdocs\backend\system\Database\BaseBuilder.php(1629): CodeIgniter\Database\BaseConnection->query('SELECT `ID_MODU...', Array, false)
#3 C:\xampp\htdocs\backend\system\Model.php(919): CodeIgniter\Database\BaseBuilder->get()
#4 C:\xampp\htdocs\backend\app\Models\sinapptic\moduloModel.php(17): CodeIgniter\Model->__call('get', Array)
#5 C:\xampp\htdocs\backend\app\Controllers\sinapptic\ModuloController.php(22): App\Models\sinapptic\moduloModel->listarModulos()
#6 C:\xampp\htdocs\backend\system\CodeIgniter.php(933): App\Controllers\sinapptic\ModuloController->listModules()
#7 C:\xampp\htdocs\backend\system\CodeIgniter.php(509): CodeIgniter\CodeIgniter->runController(Object(App\Controllers\sinapptic\ModuloController))
#8 C:\xampp\htdocs\backend\system\CodeIgniter.php(355): CodeIgniter\CodeIgniter->handleRequest(NULL, Object(Config\Cache), false)
#9 C:\xampp\htdocs\backend\system\Boot.php(312): CodeIgniter\CodeIgniter->run()
#10 C:\xampp\htdocs\backend\system\Boot.php(67): CodeIgniter\Boot::runCodeIgniter(Object(CodeIgniter\CodeIgniter))
#11 C:\xampp\htdocs\backend\index.php(56): CodeIgniter\Boot::bootWeb(Object(Config\Paths))
#12 {main}
CRITICAL - 2024-10-22 01:39:45 --> CodeIgniter\Database\Exceptions\DatabaseException: Unable to connect to the database.
Main connection [MySQLi]: No se puede establecer una conexión ya que el equipo de destino denegó expresamente dicha conexión
[Method: GET, Route: modulos]
in SYSTEMPATH\Database\BaseConnection.php on line 457.
 1 SYSTEMPATH\Database\BaseConnection.php(604): CodeIgniter\Database\BaseConnection->initialize()
 2 SYSTEMPATH\Database\BaseBuilder.php(1629): CodeIgniter\Database\BaseConnection->query('SELECT `ID_MODULO`, `TITULO`, `ICONO`
FROM `modulo`', [], false)
 3 SYSTEMPATH\Model.php(919): CodeIgniter\Database\BaseBuilder->get()
 4 APPPATH\Models\sinapptic\moduloModel.php(17): CodeIgniter\Model->__call('get', [])
 5 APPPATH\Controllers\sinapptic\ModuloController.php(22): App\Models\sinapptic\moduloModel->listarModulos()
 6 SYSTEMPATH\CodeIgniter.php(933): App\Controllers\sinapptic\ModuloController->listModules()
 7 SYSTEMPATH\CodeIgniter.php(509): CodeIgniter\CodeIgniter->runController(Object(App\Controllers\sinapptic\ModuloController))
 8 SYSTEMPATH\CodeIgniter.php(355): CodeIgniter\CodeIgniter->handleRequest(null, Object(Config\Cache), false)
 9 SYSTEMPATH\Boot.php(312): CodeIgniter\CodeIgniter->run()
10 SYSTEMPATH\Boot.php(67): CodeIgniter\Boot::runCodeIgniter(Object(CodeIgniter\CodeIgniter))
11 FCPATH\index.php(56): CodeIgniter\Boot::bootWeb(Object(Config\Paths))
CRITICAL - 2024-10-22 01:40:11 --> ErrorException: Undefined array key "ID_MODULO"
[Method: GET, Route: modulos/modulos_componentes]
in APPPATH\Controllers\sinapptic\ModuloController.php on line 30.
 1 APPPATH\Controllers\sinapptic\ModuloController.php(30): CodeIgniter\Debug\Exceptions->errorHandler(2, 'Undefined array key "ID_MODULO"', 'C:\\xampp\\htdocs\\backend\\app\\Controllers\\sinapptic\\ModuloController.php', 30)
 2 SYSTEMPATH\CodeIgniter.php(933): App\Controllers\sinapptic\ModuloController->listModules_Components()
 3 SYSTEMPATH\CodeIgniter.php(509): CodeIgniter\CodeIgniter->runController(Object(App\Controllers\sinapptic\ModuloController))
 4 SYSTEMPATH\CodeIgniter.php(355): CodeIgniter\CodeIgniter->handleRequest(null, Object(Config\Cache), false)
 5 SYSTEMPATH\Boot.php(312): CodeIgniter\CodeIgniter->run()
 6 SYSTEMPATH\Boot.php(67): CodeIgniter\Boot::runCodeIgniter(Object(CodeIgniter\CodeIgniter))
 7 FCPATH\index.php(56): CodeIgniter\Boot::bootWeb(Object(Config\Paths))
CRITICAL - 2024-10-22 01:42:03 --> ErrorException: Undefined array key "ID_MODULO"
[Method: GET, Route: modulos/modulos_componentes]
in APPPATH\Controllers\sinapptic\ModuloController.php on line 30.
 1 APPPATH\Controllers\sinapptic\ModuloController.php(30): CodeIgniter\Debug\Exceptions->errorHandler(2, 'Undefined array key "ID_MODULO"', 'C:\\xampp\\htdocs\\backend\\app\\Controllers\\sinapptic\\ModuloController.php', 30)
 2 SYSTEMPATH\CodeIgniter.php(933): App\Controllers\sinapptic\ModuloController->listModules_Components()
 3 SYSTEMPATH\CodeIgniter.php(509): CodeIgniter\CodeIgniter->runController(Object(App\Controllers\sinapptic\ModuloController))
 4 SYSTEMPATH\CodeIgniter.php(355): CodeIgniter\CodeIgniter->handleRequest(null, Object(Config\Cache), false)
 5 SYSTEMPATH\Boot.php(312): CodeIgniter\CodeIgniter->run()
 6 SYSTEMPATH\Boot.php(67): CodeIgniter\Boot::runCodeIgniter(Object(CodeIgniter\CodeIgniter))
 7 FCPATH\index.php(56): CodeIgniter\Boot::bootWeb(Object(Config\Paths))
CRITICAL - 2024-10-22 01:42:42 --> ErrorException: Undefined array key "ID_MODULO"
[Method: GET, Route: modulos]
in APPPATH\Controllers\sinapptic\ModuloController.php on line 24.
 1 APPPATH\Controllers\sinapptic\ModuloController.php(24): CodeIgniter\Debug\Exceptions->errorHandler(2, 'Undefined array key "ID_MODULO"', 'C:\\xampp\\htdocs\\backend\\app\\Controllers\\sinapptic\\ModuloController.php', 24)
 2 SYSTEMPATH\CodeIgniter.php(933): App\Controllers\sinapptic\ModuloController->listModules()
 3 SYSTEMPATH\CodeIgniter.php(509): CodeIgniter\CodeIgniter->runController(Object(App\Controllers\sinapptic\ModuloController))
 4 SYSTEMPATH\CodeIgniter.php(355): CodeIgniter\CodeIgniter->handleRequest(null, Object(Config\Cache), false)
 5 SYSTEMPATH\Boot.php(312): CodeIgniter\CodeIgniter->run()
 6 SYSTEMPATH\Boot.php(67): CodeIgniter\Boot::runCodeIgniter(Object(CodeIgniter\CodeIgniter))
 7 FCPATH\index.php(56): CodeIgniter\Boot::bootWeb(Object(Config\Paths))
CRITICAL - 2024-10-22 01:49:40 --> ErrorException: Undefined array key "ID_MODULO"
[Method: GET, Route: modulos/modulos_componentes]
in APPPATH\Controllers\sinapptic\ModuloController.php on line 30.
 1 APPPATH\Controllers\sinapptic\ModuloController.php(30): CodeIgniter\Debug\Exceptions->errorHandler(2, 'Undefined array key "ID_MODULO"', 'C:\\xampp\\htdocs\\backend\\app\\Controllers\\sinapptic\\ModuloController.php', 30)
 2 SYSTEMPATH\CodeIgniter.php(933): App\Controllers\sinapptic\ModuloController->listModules_Components()
 3 SYSTEMPATH\CodeIgniter.php(509): CodeIgniter\CodeIgniter->runController(Object(App\Controllers\sinapptic\ModuloController))
 4 SYSTEMPATH\CodeIgniter.php(355): CodeIgniter\CodeIgniter->handleRequest(null, Object(Config\Cache), false)
 5 SYSTEMPATH\Boot.php(312): CodeIgniter\CodeIgniter->run()
 6 SYSTEMPATH\Boot.php(67): CodeIgniter\Boot::runCodeIgniter(Object(CodeIgniter\CodeIgniter))
 7 FCPATH\index.php(56): CodeIgniter\Boot::bootWeb(Object(Config\Paths))
CRITICAL - 2024-10-22 01:49:57 --> ErrorException: Undefined array key "ID_MODULO"
[Method: GET, Route: modulos/modulos_componentes]
in APPPATH\Controllers\sinapptic\ModuloController.php on line 30.
 1 APPPATH\Controllers\sinapptic\ModuloController.php(30): CodeIgniter\Debug\Exceptions->errorHandler(2, 'Undefined array key "ID_MODULO"', 'C:\\xampp\\htdocs\\backend\\app\\Controllers\\sinapptic\\ModuloController.php', 30)
 2 SYSTEMPATH\CodeIgniter.php(933): App\Controllers\sinapptic\ModuloController->listModules_Components()
 3 SYSTEMPATH\CodeIgniter.php(509): CodeIgniter\CodeIgniter->runController(Object(App\Controllers\sinapptic\ModuloController))
 4 SYSTEMPATH\CodeIgniter.php(355): CodeIgniter\CodeIgniter->handleRequest(null, Object(Config\Cache), false)
 5 SYSTEMPATH\Boot.php(312): CodeIgniter\CodeIgniter->run()
 6 SYSTEMPATH\Boot.php(67): CodeIgniter\Boot::runCodeIgniter(Object(CodeIgniter\CodeIgniter))
 7 FCPATH\index.php(56): CodeIgniter\Boot::bootWeb(Object(Config\Paths))
CRITICAL - 2024-10-22 01:52:07 --> ErrorException: Undefined array key "ID_MODULO"
[Method: GET, Route: modulos/modulos_componentes]
in APPPATH\Controllers\sinapptic\ModuloController.php on line 30.
 1 APPPATH\Controllers\sinapptic\ModuloController.php(30): CodeIgniter\Debug\Exceptions->errorHandler(2, 'Undefined array key "ID_MODULO"', 'C:\\xampp\\htdocs\\backend\\app\\Controllers\\sinapptic\\ModuloController.php', 30)
 2 SYSTEMPATH\CodeIgniter.php(933): App\Controllers\sinapptic\ModuloController->listModules_Components()
 3 SYSTEMPATH\CodeIgniter.php(509): CodeIgniter\CodeIgniter->runController(Object(App\Controllers\sinapptic\ModuloController))
 4 SYSTEMPATH\CodeIgniter.php(355): CodeIgniter\CodeIgniter->handleRequest(null, Object(Config\Cache), false)
 5 SYSTEMPATH\Boot.php(312): CodeIgniter\CodeIgniter->run()
 6 SYSTEMPATH\Boot.php(67): CodeIgniter\Boot::runCodeIgniter(Object(CodeIgniter\CodeIgniter))
 7 FCPATH\index.php(56): CodeIgniter\Boot::bootWeb(Object(Config\Paths))
CRITICAL - 2024-10-22 01:52:46 --> ErrorException: Undefined array key "TITULO"
[Method: GET, Route: modulos/modulos_componentes]
in APPPATH\Controllers\sinapptic\ModuloController.php on line 34.
 1 APPPATH\Controllers\sinapptic\ModuloController.php(34): CodeIgniter\Debug\Exceptions->errorHandler(2, 'Undefined array key "TITULO"', 'C:\\xampp\\htdocs\\backend\\app\\Controllers\\sinapptic\\ModuloController.php', 34)
 2 SYSTEMPATH\CodeIgniter.php(933): App\Controllers\sinapptic\ModuloController->listModules_Components()
 3 SYSTEMPATH\CodeIgniter.php(509): CodeIgniter\CodeIgniter->runController(Object(App\Controllers\sinapptic\ModuloController))
 4 SYSTEMPATH\CodeIgniter.php(355): CodeIgniter\CodeIgniter->handleRequest(null, Object(Config\Cache), false)
 5 SYSTEMPATH\Boot.php(312): CodeIgniter\CodeIgniter->run()
 6 SYSTEMPATH\Boot.php(67): CodeIgniter\Boot::runCodeIgniter(Object(CodeIgniter\CodeIgniter))
 7 FCPATH\index.php(56): CodeIgniter\Boot::bootWeb(Object(Config\Paths))
CRITICAL - 2024-10-22 01:53:37 --> ErrorException: Undefined array key "ID_MODULO"
[Method: GET, Route: modulos/modulos_componentes]
in APPPATH\Controllers\sinapptic\ModuloController.php on line 30.
 1 APPPATH\Controllers\sinapptic\ModuloController.php(30): CodeIgniter\Debug\Exceptions->errorHandler(2, 'Undefined array key "ID_MODULO"', 'C:\\xampp\\htdocs\\backend\\app\\Controllers\\sinapptic\\ModuloController.php', 30)
 2 SYSTEMPATH\CodeIgniter.php(933): App\Controllers\sinapptic\ModuloController->listModules_Components()
 3 SYSTEMPATH\CodeIgniter.php(509): CodeIgniter\CodeIgniter->runController(Object(App\Controllers\sinapptic\ModuloController))
 4 SYSTEMPATH\CodeIgniter.php(355): CodeIgniter\CodeIgniter->handleRequest(null, Object(Config\Cache), false)
 5 SYSTEMPATH\Boot.php(312): CodeIgniter\CodeIgniter->run()
 6 SYSTEMPATH\Boot.php(67): CodeIgniter\Boot::runCodeIgniter(Object(CodeIgniter\CodeIgniter))
 7 FCPATH\index.php(56): CodeIgniter\Boot::bootWeb(Object(Config\Paths))
CRITICAL - 2024-10-22 01:53:53 --> ErrorException: Undefined array key "ID_MODULO"
[Method: GET, Route: modulos/modulos_componentes]
in APPPATH\Controllers\sinapptic\ModuloController.php on line 30.
 1 APPPATH\Controllers\sinapptic\ModuloController.php(30): CodeIgniter\Debug\Exceptions->errorHandler(2, 'Undefined array key "ID_MODULO"', 'C:\\xampp\\htdocs\\backend\\app\\Controllers\\sinapptic\\ModuloController.php', 30)
 2 SYSTEMPATH\CodeIgniter.php(933): App\Controllers\sinapptic\ModuloController->listModules_Components()
 3 SYSTEMPATH\CodeIgniter.php(509): CodeIgniter\CodeIgniter->runController(Object(App\Controllers\sinapptic\ModuloController))
 4 SYSTEMPATH\CodeIgniter.php(355): CodeIgniter\CodeIgniter->handleRequest(null, Object(Config\Cache), false)
 5 SYSTEMPATH\Boot.php(312): CodeIgniter\CodeIgniter->run()
 6 SYSTEMPATH\Boot.php(67): CodeIgniter\Boot::runCodeIgniter(Object(CodeIgniter\CodeIgniter))
 7 FCPATH\index.php(56): CodeIgniter\Boot::bootWeb(Object(Config\Paths))
CRITICAL - 2024-10-22 02:10:06 --> ErrorException: Undefined array key "ID_MODULO"
[Method: GET, Route: modulos/modulos_componentes]
in APPPATH\Controllers\sinapptic\ModuloController.php on line 30.
 1 APPPATH\Controllers\sinapptic\ModuloController.php(30): CodeIgniter\Debug\Exceptions->errorHandler(2, 'Undefined array key "ID_MODULO"', 'C:\\xampp\\htdocs\\backend\\app\\Controllers\\sinapptic\\ModuloController.php', 30)
 2 SYSTEMPATH\CodeIgniter.php(933): App\Controllers\sinapptic\ModuloController->listModules_Components()
 3 SYSTEMPATH\CodeIgniter.php(509): CodeIgniter\CodeIgniter->runController(Object(App\Controllers\sinapptic\ModuloController))
 4 SYSTEMPATH\CodeIgniter.php(355): CodeIgniter\CodeIgniter->handleRequest(null, Object(Config\Cache), false)
 5 SYSTEMPATH\Boot.php(312): CodeIgniter\CodeIgniter->run()
 6 SYSTEMPATH\Boot.php(67): CodeIgniter\Boot::runCodeIgniter(Object(CodeIgniter\CodeIgniter))
 7 FCPATH\index.php(56): CodeIgniter\Boot::bootWeb(Object(Config\Paths))
CRITICAL - 2024-10-22 02:12:46 --> ErrorException: Undefined array key "ID_MODULO"
[Method: GET, Route: modulos/modulos_componentes]
in APPPATH\Controllers\sinapptic\ModuloController.php on line 30.
 1 APPPATH\Controllers\sinapptic\ModuloController.php(30): CodeIgniter\Debug\Exceptions->errorHandler(2, 'Undefined array key "ID_MODULO"', 'C:\\xampp\\htdocs\\backend\\app\\Controllers\\sinapptic\\ModuloController.php', 30)
 2 SYSTEMPATH\CodeIgniter.php(933): App\Controllers\sinapptic\ModuloController->listModules_Components()
 3 SYSTEMPATH\CodeIgniter.php(509): CodeIgniter\CodeIgniter->runController(Object(App\Controllers\sinapptic\ModuloController))
 4 SYSTEMPATH\CodeIgniter.php(355): CodeIgniter\CodeIgniter->handleRequest(null, Object(Config\Cache), false)
 5 SYSTEMPATH\Boot.php(312): CodeIgniter\CodeIgniter->run()
 6 SYSTEMPATH\Boot.php(67): CodeIgniter\Boot::runCodeIgniter(Object(CodeIgniter\CodeIgniter))
 7 FCPATH\index.php(56): CodeIgniter\Boot::bootWeb(Object(Config\Paths))
CRITICAL - 2024-10-22 02:12:48 --> ErrorException: Undefined array key "ID_MODULO"
[Method: GET, Route: modulos/modulos_componentes]
in APPPATH\Controllers\sinapptic\ModuloController.php on line 30.
 1 APPPATH\Controllers\sinapptic\ModuloController.php(30): CodeIgniter\Debug\Exceptions->errorHandler(2, 'Undefined array key "ID_MODULO"', 'C:\\xampp\\htdocs\\backend\\app\\Controllers\\sinapptic\\ModuloController.php', 30)
 2 SYSTEMPATH\CodeIgniter.php(933): App\Controllers\sinapptic\ModuloController->listModules_Components()
 3 SYSTEMPATH\CodeIgniter.php(509): CodeIgniter\CodeIgniter->runController(Object(App\Controllers\sinapptic\ModuloController))
 4 SYSTEMPATH\CodeIgniter.php(355): CodeIgniter\CodeIgniter->handleRequest(null, Object(Config\Cache), false)
 5 SYSTEMPATH\Boot.php(312): CodeIgniter\CodeIgniter->run()
 6 SYSTEMPATH\Boot.php(67): CodeIgniter\Boot::runCodeIgniter(Object(CodeIgniter\CodeIgniter))
 7 FCPATH\index.php(56): CodeIgniter\Boot::bootWeb(Object(Config\Paths))
CRITICAL - 2024-10-22 02:12:49 --> ErrorException: Undefined array key "ID_MODULO"
[Method: GET, Route: modulos/modulos_componentes]
in APPPATH\Controllers\sinapptic\ModuloController.php on line 30.
 1 APPPATH\Controllers\sinapptic\ModuloController.php(30): CodeIgniter\Debug\Exceptions->errorHandler(2, 'Undefined array key "ID_MODULO"', 'C:\\xampp\\htdocs\\backend\\app\\Controllers\\sinapptic\\ModuloController.php', 30)
 2 SYSTEMPATH\CodeIgniter.php(933): App\Controllers\sinapptic\ModuloController->listModules_Components()
 3 SYSTEMPATH\CodeIgniter.php(509): CodeIgniter\CodeIgniter->runController(Object(App\Controllers\sinapptic\ModuloController))
 4 SYSTEMPATH\CodeIgniter.php(355): CodeIgniter\CodeIgniter->handleRequest(null, Object(Config\Cache), false)
 5 SYSTEMPATH\Boot.php(312): CodeIgniter\CodeIgniter->run()
 6 SYSTEMPATH\Boot.php(67): CodeIgniter\Boot::runCodeIgniter(Object(CodeIgniter\CodeIgniter))
 7 FCPATH\index.php(56): CodeIgniter\Boot::bootWeb(Object(Config\Paths))
CRITICAL - 2024-10-22 02:12:49 --> ErrorException: Undefined array key "ID_MODULO"
[Method: GET, Route: modulos/modulos_componentes]
in APPPATH\Controllers\sinapptic\ModuloController.php on line 30.
 1 APPPATH\Controllers\sinapptic\ModuloController.php(30): CodeIgniter\Debug\Exceptions->errorHandler(2, 'Undefined array key "ID_MODULO"', 'C:\\xampp\\htdocs\\backend\\app\\Controllers\\sinapptic\\ModuloController.php', 30)
 2 SYSTEMPATH\CodeIgniter.php(933): App\Controllers\sinapptic\ModuloController->listModules_Components()
 3 SYSTEMPATH\CodeIgniter.php(509): CodeIgniter\CodeIgniter->runController(Object(App\Controllers\sinapptic\ModuloController))
 4 SYSTEMPATH\CodeIgniter.php(355): CodeIgniter\CodeIgniter->handleRequest(null, Object(Config\Cache), false)
 5 SYSTEMPATH\Boot.php(312): CodeIgniter\CodeIgniter->run()
 6 SYSTEMPATH\Boot.php(67): CodeIgniter\Boot::runCodeIgniter(Object(CodeIgniter\CodeIgniter))
 7 FCPATH\index.php(56): CodeIgniter\Boot::bootWeb(Object(Config\Paths))
CRITICAL - 2024-10-22 02:12:50 --> ErrorException: Undefined array key "ID_MODULO"
[Method: GET, Route: modulos/modulos_componentes]
in APPPATH\Controllers\sinapptic\ModuloController.php on line 30.
 1 APPPATH\Controllers\sinapptic\ModuloController.php(30): CodeIgniter\Debug\Exceptions->errorHandler(2, 'Undefined array key "ID_MODULO"', 'C:\\xampp\\htdocs\\backend\\app\\Controllers\\sinapptic\\ModuloController.php', 30)
 2 SYSTEMPATH\CodeIgniter.php(933): App\Controllers\sinapptic\ModuloController->listModules_Components()
 3 SYSTEMPATH\CodeIgniter.php(509): CodeIgniter\CodeIgniter->runController(Object(App\Controllers\sinapptic\ModuloController))
 4 SYSTEMPATH\CodeIgniter.php(355): CodeIgniter\CodeIgniter->handleRequest(null, Object(Config\Cache), false)
 5 SYSTEMPATH\Boot.php(312): CodeIgniter\CodeIgniter->run()
 6 SYSTEMPATH\Boot.php(67): CodeIgniter\Boot::runCodeIgniter(Object(CodeIgniter\CodeIgniter))
 7 FCPATH\index.php(56): CodeIgniter\Boot::bootWeb(Object(Config\Paths))
CRITICAL - 2024-10-22 02:13:03 --> ErrorException: Undefined array key "ID_MODULO"
[Method: GET, Route: modulos/modulos_componentes]
in APPPATH\Controllers\sinapptic\ModuloController.php on line 30.
 1 APPPATH\Controllers\sinapptic\ModuloController.php(30): CodeIgniter\Debug\Exceptions->errorHandler(2, 'Undefined array key "ID_MODULO"', 'C:\\xampp\\htdocs\\backend\\app\\Controllers\\sinapptic\\ModuloController.php', 30)
 2 SYSTEMPATH\CodeIgniter.php(933): App\Controllers\sinapptic\ModuloController->listModules_Components()
 3 SYSTEMPATH\CodeIgniter.php(509): CodeIgniter\CodeIgniter->runController(Object(App\Controllers\sinapptic\ModuloController))
 4 SYSTEMPATH\CodeIgniter.php(355): CodeIgniter\CodeIgniter->handleRequest(null, Object(Config\Cache), false)
 5 SYSTEMPATH\Boot.php(312): CodeIgniter\CodeIgniter->run()
 6 SYSTEMPATH\Boot.php(67): CodeIgniter\Boot::runCodeIgniter(Object(CodeIgniter\CodeIgniter))
 7 FCPATH\index.php(56): CodeIgniter\Boot::bootWeb(Object(Config\Paths))
CRITICAL - 2024-10-22 02:15:13 --> ErrorException: Undefined array key "ID_MODULO"
[Method: GET, Route: modulos/modulos_componentes]
in APPPATH\Controllers\sinapptic\ModuloController.php on line 31.
 1 APPPATH\Controllers\sinapptic\ModuloController.php(31): CodeIgniter\Debug\Exceptions->errorHandler(2, 'Undefined array key "ID_MODULO"', 'C:\\xampp\\htdocs\\backend\\app\\Controllers\\sinapptic\\ModuloController.php', 31)
 2 SYSTEMPATH\CodeIgniter.php(933): App\Controllers\sinapptic\ModuloController->listModules_Components()
 3 SYSTEMPATH\CodeIgniter.php(509): CodeIgniter\CodeIgniter->runController(Object(App\Controllers\sinapptic\ModuloController))
 4 SYSTEMPATH\CodeIgniter.php(355): CodeIgniter\CodeIgniter->handleRequest(null, Object(Config\Cache), false)
 5 SYSTEMPATH\Boot.php(312): CodeIgniter\CodeIgniter->run()
 6 SYSTEMPATH\Boot.php(67): CodeIgniter\Boot::runCodeIgniter(Object(CodeIgniter\CodeIgniter))
 7 FCPATH\index.php(56): CodeIgniter\Boot::bootWeb(Object(Config\Paths))
CRITICAL - 2024-10-22 02:16:05 --> ErrorException: Undefined array key "ID_MODULO"
[Method: GET, Route: modulos/modulos_componentes]
in APPPATH\Controllers\sinapptic\ModuloController.php on line 31.
 1 APPPATH\Controllers\sinapptic\ModuloController.php(31): CodeIgniter\Debug\Exceptions->errorHandler(2, 'Undefined array key "ID_MODULO"', 'C:\\xampp\\htdocs\\backend\\app\\Controllers\\sinapptic\\ModuloController.php', 31)
 2 SYSTEMPATH\CodeIgniter.php(933): App\Controllers\sinapptic\ModuloController->listModules_Components()
 3 SYSTEMPATH\CodeIgniter.php(509): CodeIgniter\CodeIgniter->runController(Object(App\Controllers\sinapptic\ModuloController))
 4 SYSTEMPATH\CodeIgniter.php(355): CodeIgniter\CodeIgniter->handleRequest(null, Object(Config\Cache), false)
 5 SYSTEMPATH\Boot.php(312): CodeIgniter\CodeIgniter->run()
 6 SYSTEMPATH\Boot.php(67): CodeIgniter\Boot::runCodeIgniter(Object(CodeIgniter\CodeIgniter))
 7 FCPATH\index.php(56): CodeIgniter\Boot::bootWeb(Object(Config\Paths))
CRITICAL - 2024-10-22 02:16:06 --> ErrorException: Undefined array key "ID_MODULO"
[Method: GET, Route: modulos/modulos_componentes]
in APPPATH\Controllers\sinapptic\ModuloController.php on line 31.
 1 APPPATH\Controllers\sinapptic\ModuloController.php(31): CodeIgniter\Debug\Exceptions->errorHandler(2, 'Undefined array key "ID_MODULO"', 'C:\\xampp\\htdocs\\backend\\app\\Controllers\\sinapptic\\ModuloController.php', 31)
 2 SYSTEMPATH\CodeIgniter.php(933): App\Controllers\sinapptic\ModuloController->listModules_Components()
 3 SYSTEMPATH\CodeIgniter.php(509): CodeIgniter\CodeIgniter->runController(Object(App\Controllers\sinapptic\ModuloController))
 4 SYSTEMPATH\CodeIgniter.php(355): CodeIgniter\CodeIgniter->handleRequest(null, Object(Config\Cache), false)
 5 SYSTEMPATH\Boot.php(312): CodeIgniter\CodeIgniter->run()
 6 SYSTEMPATH\Boot.php(67): CodeIgniter\Boot::runCodeIgniter(Object(CodeIgniter\CodeIgniter))
 7 FCPATH\index.php(56): CodeIgniter\Boot::bootWeb(Object(Config\Paths))
CRITICAL - 2024-10-22 02:16:21 --> ErrorException: Undefined array key "ID_MODULO"
[Method: GET, Route: modulos/modulos_componentes]
in APPPATH\Controllers\sinapptic\ModuloController.php on line 31.
 1 APPPATH\Controllers\sinapptic\ModuloController.php(31): CodeIgniter\Debug\Exceptions->errorHandler(2, 'Undefined array key "ID_MODULO"', 'C:\\xampp\\htdocs\\backend\\app\\Controllers\\sinapptic\\ModuloController.php', 31)
 2 SYSTEMPATH\CodeIgniter.php(933): App\Controllers\sinapptic\ModuloController->listModules_Components()
 3 SYSTEMPATH\CodeIgniter.php(509): CodeIgniter\CodeIgniter->runController(Object(App\Controllers\sinapptic\ModuloController))
 4 SYSTEMPATH\CodeIgniter.php(355): CodeIgniter\CodeIgniter->handleRequest(null, Object(Config\Cache), false)
 5 SYSTEMPATH\Boot.php(312): CodeIgniter\CodeIgniter->run()
 6 SYSTEMPATH\Boot.php(67): CodeIgniter\Boot::runCodeIgniter(Object(CodeIgniter\CodeIgniter))
 7 FCPATH\index.php(56): CodeIgniter\Boot::bootWeb(Object(Config\Paths))
CRITICAL - 2024-10-22 02:16:36 --> ErrorException: Undefined array key "ID_MODULO"
[Method: GET, Route: modulos/modulos_componentes]
in APPPATH\Controllers\sinapptic\ModuloController.php on line 31.
 1 APPPATH\Controllers\sinapptic\ModuloController.php(31): CodeIgniter\Debug\Exceptions->errorHandler(2, 'Undefined array key "ID_MODULO"', 'C:\\xampp\\htdocs\\backend\\app\\Controllers\\sinapptic\\ModuloController.php', 31)
 2 SYSTEMPATH\CodeIgniter.php(933): App\Controllers\sinapptic\ModuloController->listModules_Components()
 3 SYSTEMPATH\CodeIgniter.php(509): CodeIgniter\CodeIgniter->runController(Object(App\Controllers\sinapptic\ModuloController))
 4 SYSTEMPATH\CodeIgniter.php(355): CodeIgniter\CodeIgniter->handleRequest(null, Object(Config\Cache), false)
 5 SYSTEMPATH\Boot.php(312): CodeIgniter\CodeIgniter->run()
 6 SYSTEMPATH\Boot.php(67): CodeIgniter\Boot::runCodeIgniter(Object(CodeIgniter\CodeIgniter))
 7 FCPATH\index.php(56): CodeIgniter\Boot::bootWeb(Object(Config\Paths))
CRITICAL - 2024-10-22 02:18:39 --> ErrorException: Undefined array key "ID_MODULO"
[Method: GET, Route: modulos/modulos_componentes]
in APPPATH\Controllers\sinapptic\ModuloController.php on line 30.
 1 APPPATH\Controllers\sinapptic\ModuloController.php(30): CodeIgniter\Debug\Exceptions->errorHandler(2, 'Undefined array key "ID_MODULO"', 'C:\\xampp\\htdocs\\backend\\app\\Controllers\\sinapptic\\ModuloController.php', 30)
 2 SYSTEMPATH\CodeIgniter.php(933): App\Controllers\sinapptic\ModuloController->listModules_Components()
 3 SYSTEMPATH\CodeIgniter.php(509): CodeIgniter\CodeIgniter->runController(Object(App\Controllers\sinapptic\ModuloController))
 4 SYSTEMPATH\CodeIgniter.php(355): CodeIgniter\CodeIgniter->handleRequest(null, Object(Config\Cache), false)
 5 SYSTEMPATH\Boot.php(312): CodeIgniter\CodeIgniter->run()
 6 SYSTEMPATH\Boot.php(67): CodeIgniter\Boot::runCodeIgniter(Object(CodeIgniter\CodeIgniter))
 7 FCPATH\index.php(56): CodeIgniter\Boot::bootWeb(Object(Config\Paths))
CRITICAL - 2024-10-22 02:19:59 --> ErrorException: Undefined array key "ID_MODULO"
[Method: GET, Route: modulos/modulos_componentes]
in APPPATH\Controllers\sinapptic\ModuloController.php on line 30.
 1 APPPATH\Controllers\sinapptic\ModuloController.php(30): CodeIgniter\Debug\Exceptions->errorHandler(2, 'Undefined array key "ID_MODULO"', 'C:\\xampp\\htdocs\\backend\\app\\Controllers\\sinapptic\\ModuloController.php', 30)
 2 SYSTEMPATH\CodeIgniter.php(933): App\Controllers\sinapptic\ModuloController->listModules_Components()
 3 SYSTEMPATH\CodeIgniter.php(509): CodeIgniter\CodeIgniter->runController(Object(App\Controllers\sinapptic\ModuloController))
 4 SYSTEMPATH\CodeIgniter.php(355): CodeIgniter\CodeIgniter->handleRequest(null, Object(Config\Cache), false)
 5 SYSTEMPATH\Boot.php(312): CodeIgniter\CodeIgniter->run()
 6 SYSTEMPATH\Boot.php(67): CodeIgniter\Boot::runCodeIgniter(Object(CodeIgniter\CodeIgniter))
 7 FCPATH\index.php(56): CodeIgniter\Boot::bootWeb(Object(Config\Paths))
CRITICAL - 2024-10-22 13:48:21 --> BadMethodCallException: Call to undefined method App\Models\sinapptic\moduloModel::listarModulos
[Method: GET, Route: modulos/modulos_componentes]
in SYSTEMPATH\Model.php on line 921.
 1 APPPATH\Controllers\sinapptic\ModuloController.php(28): CodeIgniter\Model->__call('listarModulos', [])
 2 SYSTEMPATH\CodeIgniter.php(933): App\Controllers\sinapptic\ModuloController->listModules_Components()
 3 SYSTEMPATH\CodeIgniter.php(509): CodeIgniter\CodeIgniter->runController(Object(App\Controllers\sinapptic\ModuloController))
 4 SYSTEMPATH\CodeIgniter.php(355): CodeIgniter\CodeIgniter->handleRequest(null, Object(Config\Cache), false)
 5 SYSTEMPATH\Boot.php(312): CodeIgniter\CodeIgniter->run()
 6 SYSTEMPATH\Boot.php(67): CodeIgniter\Boot::runCodeIgniter(Object(CodeIgniter\CodeIgniter))
 7 FCPATH\index.php(56): CodeIgniter\Boot::bootWeb(Object(Config\Paths))
CRITICAL - 2024-10-22 13:59:39 --> BadMethodCallException: Call to undefined method App\Models\sinapptic\moduloModel::listarModulos
[Method: GET, Route: modulos/modulos_componentes]
in SYSTEMPATH\Model.php on line 921.
 1 APPPATH\Controllers\sinapptic\ModuloController.php(28): CodeIgniter\Model->__call('listarModulos', [])
 2 SYSTEMPATH\CodeIgniter.php(933): App\Controllers\sinapptic\ModuloController->listModules_Components()
 3 SYSTEMPATH\CodeIgniter.php(509): CodeIgniter\CodeIgniter->runController(Object(App\Controllers\sinapptic\ModuloController))
 4 SYSTEMPATH\CodeIgniter.php(355): CodeIgniter\CodeIgniter->handleRequest(null, Object(Config\Cache), false)
 5 SYSTEMPATH\Boot.php(312): CodeIgniter\CodeIgniter->run()
 6 SYSTEMPATH\Boot.php(67): CodeIgniter\Boot::runCodeIgniter(Object(CodeIgniter\CodeIgniter))
 7 FCPATH\index.php(56): CodeIgniter\Boot::bootWeb(Object(Config\Paths))
CRITICAL - 2024-10-22 14:20:43 --> BadMethodCallException: Call to undefined method App\Models\sinapptic\ModuleModel::listarModulos
[Method: GET, Route: modules/modules_components]
in SYSTEMPATH\Model.php on line 921.
 1 APPPATH\Controllers\Sinapptic\ModuleController.php(28): CodeIgniter\Model->__call('listarModulos', [])
 2 SYSTEMPATH\CodeIgniter.php(933): App\Controllers\sinapptic\ModuleController->listModules_Components()
 3 SYSTEMPATH\CodeIgniter.php(509): CodeIgniter\CodeIgniter->runController(Object(App\Controllers\sinapptic\ModuleController))
 4 SYSTEMPATH\CodeIgniter.php(355): CodeIgniter\CodeIgniter->handleRequest(null, Object(Config\Cache), false)
 5 SYSTEMPATH\Boot.php(312): CodeIgniter\CodeIgniter->run()
 6 SYSTEMPATH\Boot.php(67): CodeIgniter\Boot::runCodeIgniter(Object(CodeIgniter\CodeIgniter))
 7 FCPATH\index.php(56): CodeIgniter\Boot::bootWeb(Object(Config\Paths))
CRITICAL - 2024-10-22 14:23:36 --> BadMethodCallException: Call to undefined method App\Models\sinapptic\ModuleModel::listarModulos
[Method: GET, Route: modules/modules_components]
in SYSTEMPATH\Model.php on line 921.
 1 APPPATH\Controllers\Sinapptic\ModuleController.php(28): CodeIgniter\Model->__call('listarModulos', [])
 2 SYSTEMPATH\CodeIgniter.php(933): App\Controllers\sinapptic\ModuleController->listModules_Components()
 3 SYSTEMPATH\CodeIgniter.php(509): CodeIgniter\CodeIgniter->runController(Object(App\Controllers\sinapptic\ModuleController))
 4 SYSTEMPATH\CodeIgniter.php(355): CodeIgniter\CodeIgniter->handleRequest(null, Object(Config\Cache), false)
 5 SYSTEMPATH\Boot.php(312): CodeIgniter\CodeIgniter->run()
 6 SYSTEMPATH\Boot.php(67): CodeIgniter\Boot::runCodeIgniter(Object(CodeIgniter\CodeIgniter))
 7 FCPATH\index.php(56): CodeIgniter\Boot::bootWeb(Object(Config\Paths))
CRITICAL - 2024-10-22 14:23:54 --> BadMethodCallException: Call to undefined method App\Models\sinapptic\ModuleModel::listarModulos
[Method: GET, Route: modules/modules_components]
in SYSTEMPATH\Model.php on line 921.
 1 APPPATH\Controllers\Sinapptic\ModuleController.php(28): CodeIgniter\Model->__call('listarModulos', [])
 2 SYSTEMPATH\CodeIgniter.php(933): App\Controllers\sinapptic\ModuleController->listModules_Components()
 3 SYSTEMPATH\CodeIgniter.php(509): CodeIgniter\CodeIgniter->runController(Object(App\Controllers\sinapptic\ModuleController))
 4 SYSTEMPATH\CodeIgniter.php(355): CodeIgniter\CodeIgniter->handleRequest(null, Object(Config\Cache), false)
 5 SYSTEMPATH\Boot.php(312): CodeIgniter\CodeIgniter->run()
 6 SYSTEMPATH\Boot.php(67): CodeIgniter\Boot::runCodeIgniter(Object(CodeIgniter\CodeIgniter))
 7 FCPATH\index.php(56): CodeIgniter\Boot::bootWeb(Object(Config\Paths))
CRITICAL - 2024-10-22 14:25:18 --> BadMethodCallException: Call to undefined method App\Models\Sinapptic\ModuleModel::listarModulos
[Method: GET, Route: modules/modules_components]
in SYSTEMPATH\Model.php on line 921.
 1 APPPATH\Controllers\Sinapptic\ModuleController.php(28): CodeIgniter\Model->__call('listarModulos', [])
 2 SYSTEMPATH\CodeIgniter.php(933): App\Controllers\Sinapptic\ModuleController->listModules_Components()
 3 SYSTEMPATH\CodeIgniter.php(509): CodeIgniter\CodeIgniter->runController(Object(App\Controllers\Sinapptic\ModuleController))
 4 SYSTEMPATH\CodeIgniter.php(355): CodeIgniter\CodeIgniter->handleRequest(null, Object(Config\Cache), false)
 5 SYSTEMPATH\Boot.php(312): CodeIgniter\CodeIgniter->run()
 6 SYSTEMPATH\Boot.php(67): CodeIgniter\Boot::runCodeIgniter(Object(CodeIgniter\CodeIgniter))
 7 FCPATH\index.php(56): CodeIgniter\Boot::bootWeb(Object(Config\Paths))
ERROR - 2024-10-22 14:27:52 --> mysqli_sql_exception: Unknown column 'TITULO' in 'field list' in C:\xampp\htdocs\backend\system\Database\MySQLi\Connection.php:308
Stack trace:
#0 C:\xampp\htdocs\backend\system\Database\MySQLi\Connection.php(308): mysqli->query('SELECT `TITULO`...', 0)
#1 C:\xampp\htdocs\backend\system\Database\BaseConnection.php(722): CodeIgniter\Database\MySQLi\Connection->execute('SELECT `TITULO`...')
#2 C:\xampp\htdocs\backend\system\Database\BaseConnection.php(636): CodeIgniter\Database\BaseConnection->simpleQuery('SELECT `TITULO`...')
#3 C:\xampp\htdocs\backend\system\Database\BaseBuilder.php(1629): CodeIgniter\Database\BaseConnection->query('SELECT `TITULO`...', Array, false)
#4 C:\xampp\htdocs\backend\system\Model.php(919): CodeIgniter\Database\BaseBuilder->get()
#5 C:\xampp\htdocs\backend\app\Models\Sinapptic\ComponentModel.php(47): CodeIgniter\Model->__call('get', Array)
#6 C:\xampp\htdocs\backend\app\Controllers\Sinapptic\ModuleController.php(30): App\Models\Sinapptic\componentModel->listComponentByID('1')
#7 C:\xampp\htdocs\backend\system\CodeIgniter.php(933): App\Controllers\Sinapptic\ModuleController->listModules_Components()
#8 C:\xampp\htdocs\backend\system\CodeIgniter.php(509): CodeIgniter\CodeIgniter->runController(Object(App\Controllers\Sinapptic\ModuleController))
#9 C:\xampp\htdocs\backend\system\CodeIgniter.php(355): CodeIgniter\CodeIgniter->handleRequest(NULL, Object(Config\Cache), false)
#10 C:\xampp\htdocs\backend\system\Boot.php(312): CodeIgniter\CodeIgniter->run()
#11 C:\xampp\htdocs\backend\system\Boot.php(67): CodeIgniter\Boot::runCodeIgniter(Object(CodeIgniter\CodeIgniter))
#12 C:\xampp\htdocs\backend\index.php(56): CodeIgniter\Boot::bootWeb(Object(Config\Paths))
#13 {main}
CRITICAL - 2024-10-22 14:27:52 --> CodeIgniter\Database\Exceptions\DatabaseException: Unknown column 'TITULO' in 'field list'
[Method: GET, Route: modules/modules_components]
in SYSTEMPATH\Database\BaseConnection.php on line 676.
 1 SYSTEMPATH\Database\BaseBuilder.php(1629): CodeIgniter\Database\BaseConnection->query('SELECT `TITULO`, `ICONO`, `RUTA`
FROM `componente`
WHERE `ID_componente` = :ID_componente:', [...], false)
 2 SYSTEMPATH\Model.php(919): CodeIgniter\Database\BaseBuilder->get()
 3 APPPATH\Models\Sinapptic\ComponentModel.php(47): CodeIgniter\Model->__call('get', [])
 4 APPPATH\Controllers\Sinapptic\ModuleController.php(30): App\Models\Sinapptic\componentModel->listComponentByID('1')
 5 SYSTEMPATH\CodeIgniter.php(933): App\Controllers\Sinapptic\ModuleController->listModules_Components()
 6 SYSTEMPATH\CodeIgniter.php(509): CodeIgniter\CodeIgniter->runController(Object(App\Controllers\Sinapptic\ModuleController))
 7 SYSTEMPATH\CodeIgniter.php(355): CodeIgniter\CodeIgniter->handleRequest(null, Object(Config\Cache), false)
 8 SYSTEMPATH\Boot.php(312): CodeIgniter\CodeIgniter->run()
 9 SYSTEMPATH\Boot.php(67): CodeIgniter\Boot::runCodeIgniter(Object(CodeIgniter\CodeIgniter))
10 FCPATH\index.php(56): CodeIgniter\Boot::bootWeb(Object(Config\Paths))
CRITICAL - 2024-10-22 14:27:52 --> [Caused by] CodeIgniter\Database\Exceptions\DatabaseException: Unknown column 'TITULO' in 'field list'
in SYSTEMPATH\Database\MySQLi\Connection.php on line 313.
 1 SYSTEMPATH\Database\BaseConnection.php(722): CodeIgniter\Database\MySQLi\Connection->execute('SELECT `TITULO`, `ICONO`, `RUTA`
FROM `componente`
WHERE `ID_componente` = \'1\'')
 2 SYSTEMPATH\Database\BaseConnection.php(636): CodeIgniter\Database\BaseConnection->simpleQuery('SELECT `TITULO`, `ICONO`, `RUTA`
FROM `componente`
WHERE `ID_componente` = \'1\'')
 3 SYSTEMPATH\Database\BaseBuilder.php(1629): CodeIgniter\Database\BaseConnection->query('SELECT `TITULO`, `ICONO`, `RUTA`
FROM `componente`
WHERE `ID_componente` = :ID_componente:', [...], false)
 4 SYSTEMPATH\Model.php(919): CodeIgniter\Database\BaseBuilder->get()
 5 APPPATH\Models\Sinapptic\ComponentModel.php(47): CodeIgniter\Model->__call('get', [])
 6 APPPATH\Controllers\Sinapptic\ModuleController.php(30): App\Models\Sinapptic\componentModel->listComponentByID('1')
 7 SYSTEMPATH\CodeIgniter.php(933): App\Controllers\Sinapptic\ModuleController->listModules_Components()
 8 SYSTEMPATH\CodeIgniter.php(509): CodeIgniter\CodeIgniter->runController(Object(App\Controllers\Sinapptic\ModuleController))
 9 SYSTEMPATH\CodeIgniter.php(355): CodeIgniter\CodeIgniter->handleRequest(null, Object(Config\Cache), false)
10 SYSTEMPATH\Boot.php(312): CodeIgniter\CodeIgniter->run()
11 SYSTEMPATH\Boot.php(67): CodeIgniter\Boot::runCodeIgniter(Object(CodeIgniter\CodeIgniter))
12 FCPATH\index.php(56): CodeIgniter\Boot::bootWeb(Object(Config\Paths))
CRITICAL - 2024-10-22 14:27:52 --> [Caused by] mysqli_sql_exception: Unknown column 'TITULO' in 'field list'
in SYSTEMPATH\Database\MySQLi\Connection.php on line 308.
 1 SYSTEMPATH\Database\MySQLi\Connection.php(308): mysqli->query('SELECT `TITULO`, `ICONO`, `RUTA`
FROM `componente`
WHERE `ID_componente` = \'1\'', 0)
 2 SYSTEMPATH\Database\BaseConnection.php(722): CodeIgniter\Database\MySQLi\Connection->execute('SELECT `TITULO`, `ICONO`, `RUTA`
FROM `componente`
WHERE `ID_componente` = \'1\'')
 3 SYSTEMPATH\Database\BaseConnection.php(636): CodeIgniter\Database\BaseConnection->simpleQuery('SELECT `TITULO`, `ICONO`, `RUTA`
FROM `componente`
WHERE `ID_componente` = \'1\'')
 4 SYSTEMPATH\Database\BaseBuilder.php(1629): CodeIgniter\Database\BaseConnection->query('SELECT `TITULO`, `ICONO`, `RUTA`
FROM `componente`
WHERE `ID_componente` = :ID_componente:', [...], false)
 5 SYSTEMPATH\Model.php(919): CodeIgniter\Database\BaseBuilder->get()
 6 APPPATH\Models\Sinapptic\ComponentModel.php(47): CodeIgniter\Model->__call('get', [])
 7 APPPATH\Controllers\Sinapptic\ModuleController.php(30): App\Models\Sinapptic\componentModel->listComponentByID('1')
 8 SYSTEMPATH\CodeIgniter.php(933): App\Controllers\Sinapptic\ModuleController->listModules_Components()
 9 SYSTEMPATH\CodeIgniter.php(509): CodeIgniter\CodeIgniter->runController(Object(App\Controllers\Sinapptic\ModuleController))
10 SYSTEMPATH\CodeIgniter.php(355): CodeIgniter\CodeIgniter->handleRequest(null, Object(Config\Cache), false)
11 SYSTEMPATH\Boot.php(312): CodeIgniter\CodeIgniter->run()
12 SYSTEMPATH\Boot.php(67): CodeIgniter\Boot::runCodeIgniter(Object(CodeIgniter\CodeIgniter))
13 FCPATH\index.php(56): CodeIgniter\Boot::bootWeb(Object(Config\Paths))
ERROR - 2024-10-22 14:28:36 --> mysqli_sql_exception: Unknown column 'TITULO' in 'field list' in C:\xampp\htdocs\backend\system\Database\MySQLi\Connection.php:308
Stack trace:
#0 C:\xampp\htdocs\backend\system\Database\MySQLi\Connection.php(308): mysqli->query('SELECT `TITULO`...', 0)
#1 C:\xampp\htdocs\backend\system\Database\BaseConnection.php(722): CodeIgniter\Database\MySQLi\Connection->execute('SELECT `TITULO`...')
#2 C:\xampp\htdocs\backend\system\Database\BaseConnection.php(636): CodeIgniter\Database\BaseConnection->simpleQuery('SELECT `TITULO`...')
#3 C:\xampp\htdocs\backend\system\Database\BaseBuilder.php(1629): CodeIgniter\Database\BaseConnection->query('SELECT `TITULO`...', Array, false)
#4 C:\xampp\htdocs\backend\system\Model.php(919): CodeIgniter\Database\BaseBuilder->get()
#5 C:\xampp\htdocs\backend\app\Models\Sinapptic\ComponentModel.php(47): CodeIgniter\Model->__call('get', Array)
#6 C:\xampp\htdocs\backend\app\Controllers\Sinapptic\ModuleController.php(30): App\Models\Sinapptic\componentModel->listComponentByID('1')
#7 C:\xampp\htdocs\backend\system\CodeIgniter.php(933): App\Controllers\Sinapptic\ModuleController->listModules_Components()
#8 C:\xampp\htdocs\backend\system\CodeIgniter.php(509): CodeIgniter\CodeIgniter->runController(Object(App\Controllers\Sinapptic\ModuleController))
#9 C:\xampp\htdocs\backend\system\CodeIgniter.php(355): CodeIgniter\CodeIgniter->handleRequest(NULL, Object(Config\Cache), false)
#10 C:\xampp\htdocs\backend\system\Boot.php(312): CodeIgniter\CodeIgniter->run()
#11 C:\xampp\htdocs\backend\system\Boot.php(67): CodeIgniter\Boot::runCodeIgniter(Object(CodeIgniter\CodeIgniter))
#12 C:\xampp\htdocs\backend\index.php(56): CodeIgniter\Boot::bootWeb(Object(Config\Paths))
#13 {main}
CRITICAL - 2024-10-22 14:28:36 --> CodeIgniter\Database\Exceptions\DatabaseException: Unknown column 'TITULO' in 'field list'
[Method: GET, Route: modules/modules_components]
in SYSTEMPATH\Database\BaseConnection.php on line 676.
 1 SYSTEMPATH\Database\BaseBuilder.php(1629): CodeIgniter\Database\BaseConnection->query('SELECT `TITULO`, `ICONO`, `RUTA`
FROM `componente`
WHERE `ID_componente` = :ID_componente:', [...], false)
 2 SYSTEMPATH\Model.php(919): CodeIgniter\Database\BaseBuilder->get()
 3 APPPATH\Models\Sinapptic\ComponentModel.php(47): CodeIgniter\Model->__call('get', [])
 4 APPPATH\Controllers\Sinapptic\ModuleController.php(30): App\Models\Sinapptic\componentModel->listComponentByID('1')
 5 SYSTEMPATH\CodeIgniter.php(933): App\Controllers\Sinapptic\ModuleController->listModules_Components()
 6 SYSTEMPATH\CodeIgniter.php(509): CodeIgniter\CodeIgniter->runController(Object(App\Controllers\Sinapptic\ModuleController))
 7 SYSTEMPATH\CodeIgniter.php(355): CodeIgniter\CodeIgniter->handleRequest(null, Object(Config\Cache), false)
 8 SYSTEMPATH\Boot.php(312): CodeIgniter\CodeIgniter->run()
 9 SYSTEMPATH\Boot.php(67): CodeIgniter\Boot::runCodeIgniter(Object(CodeIgniter\CodeIgniter))
10 FCPATH\index.php(56): CodeIgniter\Boot::bootWeb(Object(Config\Paths))
CRITICAL - 2024-10-22 14:28:36 --> [Caused by] CodeIgniter\Database\Exceptions\DatabaseException: Unknown column 'TITULO' in 'field list'
in SYSTEMPATH\Database\MySQLi\Connection.php on line 313.
 1 SYSTEMPATH\Database\BaseConnection.php(722): CodeIgniter\Database\MySQLi\Connection->execute('SELECT `TITULO`, `ICONO`, `RUTA`
FROM `componente`
WHERE `ID_componente` = \'1\'')
 2 SYSTEMPATH\Database\BaseConnection.php(636): CodeIgniter\Database\BaseConnection->simpleQuery('SELECT `TITULO`, `ICONO`, `RUTA`
FROM `componente`
WHERE `ID_componente` = \'1\'')
 3 SYSTEMPATH\Database\BaseBuilder.php(1629): CodeIgniter\Database\BaseConnection->query('SELECT `TITULO`, `ICONO`, `RUTA`
FROM `componente`
WHERE `ID_componente` = :ID_componente:', [...], false)
 4 SYSTEMPATH\Model.php(919): CodeIgniter\Database\BaseBuilder->get()
 5 APPPATH\Models\Sinapptic\ComponentModel.php(47): CodeIgniter\Model->__call('get', [])
 6 APPPATH\Controllers\Sinapptic\ModuleController.php(30): App\Models\Sinapptic\componentModel->listComponentByID('1')
 7 SYSTEMPATH\CodeIgniter.php(933): App\Controllers\Sinapptic\ModuleController->listModules_Components()
 8 SYSTEMPATH\CodeIgniter.php(509): CodeIgniter\CodeIgniter->runController(Object(App\Controllers\Sinapptic\ModuleController))
 9 SYSTEMPATH\CodeIgniter.php(355): CodeIgniter\CodeIgniter->handleRequest(null, Object(Config\Cache), false)
10 SYSTEMPATH\Boot.php(312): CodeIgniter\CodeIgniter->run()
11 SYSTEMPATH\Boot.php(67): CodeIgniter\Boot::runCodeIgniter(Object(CodeIgniter\CodeIgniter))
12 FCPATH\index.php(56): CodeIgniter\Boot::bootWeb(Object(Config\Paths))
CRITICAL - 2024-10-22 14:28:36 --> [Caused by] mysqli_sql_exception: Unknown column 'TITULO' in 'field list'
in SYSTEMPATH\Database\MySQLi\Connection.php on line 308.
 1 SYSTEMPATH\Database\MySQLi\Connection.php(308): mysqli->query('SELECT `TITULO`, `ICONO`, `RUTA`
FROM `componente`
WHERE `ID_componente` = \'1\'', 0)
 2 SYSTEMPATH\Database\BaseConnection.php(722): CodeIgniter\Database\MySQLi\Connection->execute('SELECT `TITULO`, `ICONO`, `RUTA`
FROM `componente`
WHERE `ID_componente` = \'1\'')
 3 SYSTEMPATH\Database\BaseConnection.php(636): CodeIgniter\Database\BaseConnection->simpleQuery('SELECT `TITULO`, `ICONO`, `RUTA`
FROM `componente`
WHERE `ID_componente` = \'1\'')
 4 SYSTEMPATH\Database\BaseBuilder.php(1629): CodeIgniter\Database\BaseConnection->query('SELECT `TITULO`, `ICONO`, `RUTA`
FROM `componente`
WHERE `ID_componente` = :ID_componente:', [...], false)
 5 SYSTEMPATH\Model.php(919): CodeIgniter\Database\BaseBuilder->get()
 6 APPPATH\Models\Sinapptic\ComponentModel.php(47): CodeIgniter\Model->__call('get', [])
 7 APPPATH\Controllers\Sinapptic\ModuleController.php(30): App\Models\Sinapptic\componentModel->listComponentByID('1')
 8 SYSTEMPATH\CodeIgniter.php(933): App\Controllers\Sinapptic\ModuleController->listModules_Components()
 9 SYSTEMPATH\CodeIgniter.php(509): CodeIgniter\CodeIgniter->runController(Object(App\Controllers\Sinapptic\ModuleController))
10 SYSTEMPATH\CodeIgniter.php(355): CodeIgniter\CodeIgniter->handleRequest(null, Object(Config\Cache), false)
11 SYSTEMPATH\Boot.php(312): CodeIgniter\CodeIgniter->run()
12 SYSTEMPATH\Boot.php(67): CodeIgniter\Boot::runCodeIgniter(Object(CodeIgniter\CodeIgniter))
13 FCPATH\index.php(56): CodeIgniter\Boot::bootWeb(Object(Config\Paths))
ERROR - 2024-10-22 14:28:38 --> mysqli_sql_exception: Unknown column 'TITULO' in 'field list' in C:\xampp\htdocs\backend\system\Database\MySQLi\Connection.php:308
Stack trace:
#0 C:\xampp\htdocs\backend\system\Database\MySQLi\Connection.php(308): mysqli->query('SELECT `TITULO`...', 0)
#1 C:\xampp\htdocs\backend\system\Database\BaseConnection.php(722): CodeIgniter\Database\MySQLi\Connection->execute('SELECT `TITULO`...')
#2 C:\xampp\htdocs\backend\system\Database\BaseConnection.php(636): CodeIgniter\Database\BaseConnection->simpleQuery('SELECT `TITULO`...')
#3 C:\xampp\htdocs\backend\system\Database\BaseBuilder.php(1629): CodeIgniter\Database\BaseConnection->query('SELECT `TITULO`...', Array, false)
#4 C:\xampp\htdocs\backend\system\Model.php(919): CodeIgniter\Database\BaseBuilder->get()
#5 C:\xampp\htdocs\backend\app\Models\Sinapptic\ComponentModel.php(47): CodeIgniter\Model->__call('get', Array)
#6 C:\xampp\htdocs\backend\app\Controllers\Sinapptic\ModuleController.php(30): App\Models\Sinapptic\componentModel->listComponentByID('1')
#7 C:\xampp\htdocs\backend\system\CodeIgniter.php(933): App\Controllers\Sinapptic\ModuleController->listModules_Components()
#8 C:\xampp\htdocs\backend\system\CodeIgniter.php(509): CodeIgniter\CodeIgniter->runController(Object(App\Controllers\Sinapptic\ModuleController))
#9 C:\xampp\htdocs\backend\system\CodeIgniter.php(355): CodeIgniter\CodeIgniter->handleRequest(NULL, Object(Config\Cache), false)
#10 C:\xampp\htdocs\backend\system\Boot.php(312): CodeIgniter\CodeIgniter->run()
#11 C:\xampp\htdocs\backend\system\Boot.php(67): CodeIgniter\Boot::runCodeIgniter(Object(CodeIgniter\CodeIgniter))
#12 C:\xampp\htdocs\backend\index.php(56): CodeIgniter\Boot::bootWeb(Object(Config\Paths))
#13 {main}
CRITICAL - 2024-10-22 14:28:38 --> CodeIgniter\Database\Exceptions\DatabaseException: Unknown column 'TITULO' in 'field list'
[Method: GET, Route: modules/modules_components]
in SYSTEMPATH\Database\BaseConnection.php on line 676.
 1 SYSTEMPATH\Database\BaseBuilder.php(1629): CodeIgniter\Database\BaseConnection->query('SELECT `TITULO`, `ICONO`, `RUTA`
FROM `componente`
WHERE `ID_componente` = :ID_componente:', [...], false)
 2 SYSTEMPATH\Model.php(919): CodeIgniter\Database\BaseBuilder->get()
 3 APPPATH\Models\Sinapptic\ComponentModel.php(47): CodeIgniter\Model->__call('get', [])
 4 APPPATH\Controllers\Sinapptic\ModuleController.php(30): App\Models\Sinapptic\componentModel->listComponentByID('1')
 5 SYSTEMPATH\CodeIgniter.php(933): App\Controllers\Sinapptic\ModuleController->listModules_Components()
 6 SYSTEMPATH\CodeIgniter.php(509): CodeIgniter\CodeIgniter->runController(Object(App\Controllers\Sinapptic\ModuleController))
 7 SYSTEMPATH\CodeIgniter.php(355): CodeIgniter\CodeIgniter->handleRequest(null, Object(Config\Cache), false)
 8 SYSTEMPATH\Boot.php(312): CodeIgniter\CodeIgniter->run()
 9 SYSTEMPATH\Boot.php(67): CodeIgniter\Boot::runCodeIgniter(Object(CodeIgniter\CodeIgniter))
10 FCPATH\index.php(56): CodeIgniter\Boot::bootWeb(Object(Config\Paths))
CRITICAL - 2024-10-22 14:28:38 --> [Caused by] CodeIgniter\Database\Exceptions\DatabaseException: Unknown column 'TITULO' in 'field list'
in SYSTEMPATH\Database\MySQLi\Connection.php on line 313.
 1 SYSTEMPATH\Database\BaseConnection.php(722): CodeIgniter\Database\MySQLi\Connection->execute('SELECT `TITULO`, `ICONO`, `RUTA`
FROM `componente`
WHERE `ID_componente` = \'1\'')
 2 SYSTEMPATH\Database\BaseConnection.php(636): CodeIgniter\Database\BaseConnection->simpleQuery('SELECT `TITULO`, `ICONO`, `RUTA`
FROM `componente`
WHERE `ID_componente` = \'1\'')
 3 SYSTEMPATH\Database\BaseBuilder.php(1629): CodeIgniter\Database\BaseConnection->query('SELECT `TITULO`, `ICONO`, `RUTA`
FROM `componente`
WHERE `ID_componente` = :ID_componente:', [...], false)
 4 SYSTEMPATH\Model.php(919): CodeIgniter\Database\BaseBuilder->get()
 5 APPPATH\Models\Sinapptic\ComponentModel.php(47): CodeIgniter\Model->__call('get', [])
 6 APPPATH\Controllers\Sinapptic\ModuleController.php(30): App\Models\Sinapptic\componentModel->listComponentByID('1')
 7 SYSTEMPATH\CodeIgniter.php(933): App\Controllers\Sinapptic\ModuleController->listModules_Components()
 8 SYSTEMPATH\CodeIgniter.php(509): CodeIgniter\CodeIgniter->runController(Object(App\Controllers\Sinapptic\ModuleController))
 9 SYSTEMPATH\CodeIgniter.php(355): CodeIgniter\CodeIgniter->handleRequest(null, Object(Config\Cache), false)
10 SYSTEMPATH\Boot.php(312): CodeIgniter\CodeIgniter->run()
11 SYSTEMPATH\Boot.php(67): CodeIgniter\Boot::runCodeIgniter(Object(CodeIgniter\CodeIgniter))
12 FCPATH\index.php(56): CodeIgniter\Boot::bootWeb(Object(Config\Paths))
CRITICAL - 2024-10-22 14:28:38 --> [Caused by] mysqli_sql_exception: Unknown column 'TITULO' in 'field list'
in SYSTEMPATH\Database\MySQLi\Connection.php on line 308.
 1 SYSTEMPATH\Database\MySQLi\Connection.php(308): mysqli->query('SELECT `TITULO`, `ICONO`, `RUTA`
FROM `componente`
WHERE `ID_componente` = \'1\'', 0)
 2 SYSTEMPATH\Database\BaseConnection.php(722): CodeIgniter\Database\MySQLi\Connection->execute('SELECT `TITULO`, `ICONO`, `RUTA`
FROM `componente`
WHERE `ID_componente` = \'1\'')
 3 SYSTEMPATH\Database\BaseConnection.php(636): CodeIgniter\Database\BaseConnection->simpleQuery('SELECT `TITULO`, `ICONO`, `RUTA`
FROM `componente`
WHERE `ID_componente` = \'1\'')
 4 SYSTEMPATH\Database\BaseBuilder.php(1629): CodeIgniter\Database\BaseConnection->query('SELECT `TITULO`, `ICONO`, `RUTA`
FROM `componente`
WHERE `ID_componente` = :ID_componente:', [...], false)
 5 SYSTEMPATH\Model.php(919): CodeIgniter\Database\BaseBuilder->get()
 6 APPPATH\Models\Sinapptic\ComponentModel.php(47): CodeIgniter\Model->__call('get', [])
 7 APPPATH\Controllers\Sinapptic\ModuleController.php(30): App\Models\Sinapptic\componentModel->listComponentByID('1')
 8 SYSTEMPATH\CodeIgniter.php(933): App\Controllers\Sinapptic\ModuleController->listModules_Components()
 9 SYSTEMPATH\CodeIgniter.php(509): CodeIgniter\CodeIgniter->runController(Object(App\Controllers\Sinapptic\ModuleController))
10 SYSTEMPATH\CodeIgniter.php(355): CodeIgniter\CodeIgniter->handleRequest(null, Object(Config\Cache), false)
11 SYSTEMPATH\Boot.php(312): CodeIgniter\CodeIgniter->run()
12 SYSTEMPATH\Boot.php(67): CodeIgniter\Boot::runCodeIgniter(Object(CodeIgniter\CodeIgniter))
13 FCPATH\index.php(56): CodeIgniter\Boot::bootWeb(Object(Config\Paths))
ERROR - 2024-10-22 14:30:07 --> mysqli_sql_exception: Unknown column 'TITULO' in 'field list' in C:\xampp\htdocs\backend\system\Database\MySQLi\Connection.php:308
Stack trace:
#0 C:\xampp\htdocs\backend\system\Database\MySQLi\Connection.php(308): mysqli->query('SELECT `TITULO`...', 0)
#1 C:\xampp\htdocs\backend\system\Database\BaseConnection.php(722): CodeIgniter\Database\MySQLi\Connection->execute('SELECT `TITULO`...')
#2 C:\xampp\htdocs\backend\system\Database\BaseConnection.php(636): CodeIgniter\Database\BaseConnection->simpleQuery('SELECT `TITULO`...')
#3 C:\xampp\htdocs\backend\system\Database\BaseBuilder.php(1629): CodeIgniter\Database\BaseConnection->query('SELECT `TITULO`...', Array, false)
#4 C:\xampp\htdocs\backend\system\Model.php(919): CodeIgniter\Database\BaseBuilder->get()
#5 C:\xampp\htdocs\backend\app\Models\Sinapptic\ComponentModel.php(47): CodeIgniter\Model->__call('get', Array)
#6 C:\xampp\htdocs\backend\app\Controllers\Sinapptic\ModuleController.php(30): App\Models\Sinapptic\componentModel->listComponentByID('1')
#7 C:\xampp\htdocs\backend\system\CodeIgniter.php(933): App\Controllers\Sinapptic\ModuleController->listModules_Components()
#8 C:\xampp\htdocs\backend\system\CodeIgniter.php(509): CodeIgniter\CodeIgniter->runController(Object(App\Controllers\Sinapptic\ModuleController))
#9 C:\xampp\htdocs\backend\system\CodeIgniter.php(355): CodeIgniter\CodeIgniter->handleRequest(NULL, Object(Config\Cache), false)
#10 C:\xampp\htdocs\backend\system\Boot.php(312): CodeIgniter\CodeIgniter->run()
#11 C:\xampp\htdocs\backend\system\Boot.php(67): CodeIgniter\Boot::runCodeIgniter(Object(CodeIgniter\CodeIgniter))
#12 C:\xampp\htdocs\backend\index.php(56): CodeIgniter\Boot::bootWeb(Object(Config\Paths))
#13 {main}
CRITICAL - 2024-10-22 14:30:07 --> CodeIgniter\Database\Exceptions\DatabaseException: Unknown column 'TITULO' in 'field list'
[Method: GET, Route: modules/modules_components]
in SYSTEMPATH\Database\BaseConnection.php on line 676.
 1 SYSTEMPATH\Database\BaseBuilder.php(1629): CodeIgniter\Database\BaseConnection->query('SELECT `TITULO`, `ICONO`, `RUTA`
FROM `componente`
WHERE `ID_componente` = :ID_componente:', [...], false)
 2 SYSTEMPATH\Model.php(919): CodeIgniter\Database\BaseBuilder->get()
 3 APPPATH\Models\Sinapptic\ComponentModel.php(47): CodeIgniter\Model->__call('get', [])
 4 APPPATH\Controllers\Sinapptic\ModuleController.php(30): App\Models\Sinapptic\componentModel->listComponentByID('1')
 5 SYSTEMPATH\CodeIgniter.php(933): App\Controllers\Sinapptic\ModuleController->listModules_Components()
 6 SYSTEMPATH\CodeIgniter.php(509): CodeIgniter\CodeIgniter->runController(Object(App\Controllers\Sinapptic\ModuleController))
 7 SYSTEMPATH\CodeIgniter.php(355): CodeIgniter\CodeIgniter->handleRequest(null, Object(Config\Cache), false)
 8 SYSTEMPATH\Boot.php(312): CodeIgniter\CodeIgniter->run()
 9 SYSTEMPATH\Boot.php(67): CodeIgniter\Boot::runCodeIgniter(Object(CodeIgniter\CodeIgniter))
10 FCPATH\index.php(56): CodeIgniter\Boot::bootWeb(Object(Config\Paths))
CRITICAL - 2024-10-22 14:30:07 --> [Caused by] CodeIgniter\Database\Exceptions\DatabaseException: Unknown column 'TITULO' in 'field list'
in SYSTEMPATH\Database\MySQLi\Connection.php on line 313.
 1 SYSTEMPATH\Database\BaseConnection.php(722): CodeIgniter\Database\MySQLi\Connection->execute('SELECT `TITULO`, `ICONO`, `RUTA`
FROM `componente`
WHERE `ID_componente` = \'1\'')
 2 SYSTEMPATH\Database\BaseConnection.php(636): CodeIgniter\Database\BaseConnection->simpleQuery('SELECT `TITULO`, `ICONO`, `RUTA`
FROM `componente`
WHERE `ID_componente` = \'1\'')
 3 SYSTEMPATH\Database\BaseBuilder.php(1629): CodeIgniter\Database\BaseConnection->query('SELECT `TITULO`, `ICONO`, `RUTA`
FROM `componente`
WHERE `ID_componente` = :ID_componente:', [...], false)
 4 SYSTEMPATH\Model.php(919): CodeIgniter\Database\BaseBuilder->get()
 5 APPPATH\Models\Sinapptic\ComponentModel.php(47): CodeIgniter\Model->__call('get', [])
 6 APPPATH\Controllers\Sinapptic\ModuleController.php(30): App\Models\Sinapptic\componentModel->listComponentByID('1')
 7 SYSTEMPATH\CodeIgniter.php(933): App\Controllers\Sinapptic\ModuleController->listModules_Components()
 8 SYSTEMPATH\CodeIgniter.php(509): CodeIgniter\CodeIgniter->runController(Object(App\Controllers\Sinapptic\ModuleController))
 9 SYSTEMPATH\CodeIgniter.php(355): CodeIgniter\CodeIgniter->handleRequest(null, Object(Config\Cache), false)
10 SYSTEMPATH\Boot.php(312): CodeIgniter\CodeIgniter->run()
11 SYSTEMPATH\Boot.php(67): CodeIgniter\Boot::runCodeIgniter(Object(CodeIgniter\CodeIgniter))
12 FCPATH\index.php(56): CodeIgniter\Boot::bootWeb(Object(Config\Paths))
CRITICAL - 2024-10-22 14:30:07 --> [Caused by] mysqli_sql_exception: Unknown column 'TITULO' in 'field list'
in SYSTEMPATH\Database\MySQLi\Connection.php on line 308.
 1 SYSTEMPATH\Database\MySQLi\Connection.php(308): mysqli->query('SELECT `TITULO`, `ICONO`, `RUTA`
FROM `componente`
WHERE `ID_componente` = \'1\'', 0)
 2 SYSTEMPATH\Database\BaseConnection.php(722): CodeIgniter\Database\MySQLi\Connection->execute('SELECT `TITULO`, `ICONO`, `RUTA`
FROM `componente`
WHERE `ID_componente` = \'1\'')
 3 SYSTEMPATH\Database\BaseConnection.php(636): CodeIgniter\Database\BaseConnection->simpleQuery('SELECT `TITULO`, `ICONO`, `RUTA`
FROM `componente`
WHERE `ID_componente` = \'1\'')
 4 SYSTEMPATH\Database\BaseBuilder.php(1629): CodeIgniter\Database\BaseConnection->query('SELECT `TITULO`, `ICONO`, `RUTA`
FROM `componente`
WHERE `ID_componente` = :ID_componente:', [...], false)
 5 SYSTEMPATH\Model.php(919): CodeIgniter\Database\BaseBuilder->get()
 6 APPPATH\Models\Sinapptic\ComponentModel.php(47): CodeIgniter\Model->__call('get', [])
 7 APPPATH\Controllers\Sinapptic\ModuleController.php(30): App\Models\Sinapptic\componentModel->listComponentByID('1')
 8 SYSTEMPATH\CodeIgniter.php(933): App\Controllers\Sinapptic\ModuleController->listModules_Components()
 9 SYSTEMPATH\CodeIgniter.php(509): CodeIgniter\CodeIgniter->runController(Object(App\Controllers\Sinapptic\ModuleController))
10 SYSTEMPATH\CodeIgniter.php(355): CodeIgniter\CodeIgniter->handleRequest(null, Object(Config\Cache), false)
11 SYSTEMPATH\Boot.php(312): CodeIgniter\CodeIgniter->run()
12 SYSTEMPATH\Boot.php(67): CodeIgniter\Boot::runCodeIgniter(Object(CodeIgniter\CodeIgniter))
13 FCPATH\index.php(56): CodeIgniter\Boot::bootWeb(Object(Config\Paths))
CRITICAL - 2024-10-22 15:05:42 --> BadMethodCallException: Call to undefined method App\Models\Sinapptic\ComponentModel::listComponentsWithModuleId
[Method: GET, Route: modules/modules_components]
in SYSTEMPATH\Model.php on line 921.
 1 APPPATH\Controllers\Sinapptic\ModuleController.php(30): CodeIgniter\Model->__call('listComponentsWithModuleId', [...])
 2 SYSTEMPATH\CodeIgniter.php(933): App\Controllers\Sinapptic\ModuleController->listModules_Components()
 3 SYSTEMPATH\CodeIgniter.php(509): CodeIgniter\CodeIgniter->runController(Object(App\Controllers\Sinapptic\ModuleController))
 4 SYSTEMPATH\CodeIgniter.php(355): CodeIgniter\CodeIgniter->handleRequest(null, Object(Config\Cache), false)
 5 SYSTEMPATH\Boot.php(312): CodeIgniter\CodeIgniter->run()
 6 SYSTEMPATH\Boot.php(67): CodeIgniter\Boot::runCodeIgniter(Object(CodeIgniter\CodeIgniter))
 7 FCPATH\index.php(56): CodeIgniter\Boot::bootWeb(Object(Config\Paths))
