CRITICAL - 2024-10-23 19:05:56 --> ErrorException: Undefined property: stdClass::$NOMBRE_CLIENTE
[Method: POST, Route: clients/insert]
in APPPATH\Controllers\Clients\ClientController.php on line 35.
 1 APPPATH\Controllers\Clients\ClientController.php(35): CodeIgniter\Debug\Exceptions->errorHandler(2, 'Undefined property: stdClass::$NOMBRE_CLIENTE', 'C:\\xampp\\htdocs\\backend\\app\\Controllers\\Clients\\ClientController.php', 35)
 2 SYSTEMPATH\CodeIgniter.php(933): App\Controllers\Clients\ClientController->insertClient()
 3 SYSTEMPATH\CodeIgniter.php(509): CodeIgniter\CodeIgniter->runController(Object(App\Controllers\Clients\ClientController))
 4 SYSTEMPATH\CodeIgniter.php(355): CodeIgniter\CodeIgniter->handleRequest(null, Object(Config\Cache), false)
 5 SYSTEMPATH\Boot.php(312): CodeIgniter\CodeIgniter->run()
 6 SYSTEMPATH\Boot.php(67): CodeIgniter\Boot::runCodeIgniter(Object(CodeIgniter\CodeIgniter))
 7 FCPATH\index.php(56): CodeIgniter\Boot::bootWeb(Object(Config\Paths))
CRITICAL - 2024-10-23 19:07:46 --> ErrorException: Undefined property: stdClass::$NOMBRE_CLIENTE
[Method: POST, Route: clients/insert]
in APPPATH\Controllers\Clients\ClientController.php on line 35.
 1 APPPATH\Controllers\Clients\ClientController.php(35): CodeIgniter\Debug\Exceptions->errorHandler(2, 'Undefined property: stdClass::$NOMBRE_CLIENTE', 'C:\\xampp\\htdocs\\backend\\app\\Controllers\\Clients\\ClientController.php', 35)
 2 SYSTEMPATH\CodeIgniter.php(933): App\Controllers\Clients\ClientController->insertClient()
 3 SYSTEMPATH\CodeIgniter.php(509): CodeIgniter\CodeIgniter->runController(Object(App\Controllers\Clients\ClientController))
 4 SYSTEMPATH\CodeIgniter.php(355): CodeIgniter\CodeIgniter->handleRequest(null, Object(Config\Cache), false)
 5 SYSTEMPATH\Boot.php(312): CodeIgniter\CodeIgniter->run()
 6 SYSTEMPATH\Boot.php(67): CodeIgniter\Boot::runCodeIgniter(Object(CodeIgniter\CodeIgniter))
 7 FCPATH\index.php(56): CodeIgniter\Boot::bootWeb(Object(Config\Paths))
CRITICAL - 2024-10-23 21:08:09 --> ErrorException: Undefined property: stdClass::$NOMBRE_CLIENTE
[Method: POST, Route: clients/insert]
in APPPATH\Controllers\Clients\ClientController.php on line 35.
 1 APPPATH\Controllers\Clients\ClientController.php(35): CodeIgniter\Debug\Exceptions->errorHandler(2, 'Undefined property: stdClass::$NOMBRE_CLIENTE', 'C:\\xampp\\htdocs\\backend\\app\\Controllers\\Clients\\ClientController.php', 35)
 2 SYSTEMPATH\CodeIgniter.php(933): App\Controllers\Clients\ClientController->insertClient()
 3 SYSTEMPATH\CodeIgniter.php(509): CodeIgniter\CodeIgniter->runController(Object(App\Controllers\Clients\ClientController))
 4 SYSTEMPATH\CodeIgniter.php(355): CodeIgniter\CodeIgniter->handleRequest(null, Object(Config\Cache), false)
 5 SYSTEMPATH\Boot.php(312): CodeIgniter\CodeIgniter->run()
 6 SYSTEMPATH\Boot.php(67): CodeIgniter\Boot::runCodeIgniter(Object(CodeIgniter\CodeIgniter))
 7 FCPATH\index.php(56): CodeIgniter\Boot::bootWeb(Object(Config\Paths))
CRITICAL - 2024-10-23 21:11:12 --> ErrorException: Undefined property: stdClass::$NOMBRE_CLIENTE
[Method: POST, Route: clients/insert]
in APPPATH\Controllers\Clients\ClientController.php on line 35.
 1 APPPATH\Controllers\Clients\ClientController.php(35): CodeIgniter\Debug\Exceptions->errorHandler(2, 'Undefined property: stdClass::$NOMBRE_CLIENTE', 'C:\\xampp\\htdocs\\backend\\app\\Controllers\\Clients\\ClientController.php', 35)
 2 SYSTEMPATH\CodeIgniter.php(933): App\Controllers\Clients\ClientController->insertClient()
 3 SYSTEMPATH\CodeIgniter.php(509): CodeIgniter\CodeIgniter->runController(Object(App\Controllers\Clients\ClientController))
 4 SYSTEMPATH\CodeIgniter.php(355): CodeIgniter\CodeIgniter->handleRequest(null, Object(Config\Cache), false)
 5 SYSTEMPATH\Boot.php(312): CodeIgniter\CodeIgniter->run()
 6 SYSTEMPATH\Boot.php(67): CodeIgniter\Boot::runCodeIgniter(Object(CodeIgniter\CodeIgniter))
 7 FCPATH\index.php(56): CodeIgniter\Boot::bootWeb(Object(Config\Paths))
CRITICAL - 2024-10-23 21:37:50 --> ErrorException: Undefined property: stdClass::$NOMBRE_CLIENTE
[Method: POST, Route: clients/insert]
in APPPATH\Controllers\Clients\ClientController.php on line 35.
 1 APPPATH\Controllers\Clients\ClientController.php(35): CodeIgniter\Debug\Exceptions->errorHandler(2, 'Undefined property: stdClass::$NOMBRE_CLIENTE', 'C:\\xampp\\htdocs\\backend\\app\\Controllers\\Clients\\ClientController.php', 35)
 2 SYSTEMPATH\CodeIgniter.php(933): App\Controllers\Clients\ClientController->insertClient()
 3 SYSTEMPATH\CodeIgniter.php(509): CodeIgniter\CodeIgniter->runController(Object(App\Controllers\Clients\ClientController))
 4 SYSTEMPATH\CodeIgniter.php(355): CodeIgniter\CodeIgniter->handleRequest(null, Object(Config\Cache), false)
 5 SYSTEMPATH\Boot.php(312): CodeIgniter\CodeIgniter->run()
 6 SYSTEMPATH\Boot.php(67): CodeIgniter\Boot::runCodeIgniter(Object(CodeIgniter\CodeIgniter))
 7 FCPATH\index.php(56): CodeIgniter\Boot::bootWeb(Object(Config\Paths))
CRITICAL - 2024-10-23 21:39:58 --> ErrorException: Undefined property: stdClass::$NOMBRE_CLIENTE
[Method: POST, Route: clients/insert]
in APPPATH\Controllers\Clients\ClientController.php on line 35.
 1 APPPATH\Controllers\Clients\ClientController.php(35): CodeIgniter\Debug\Exceptions->errorHandler(2, 'Undefined property: stdClass::$NOMBRE_CLIENTE', 'C:\\xampp\\htdocs\\backend\\app\\Controllers\\Clients\\ClientController.php', 35)
 2 SYSTEMPATH\CodeIgniter.php(933): App\Controllers\Clients\ClientController->insertClient()
 3 SYSTEMPATH\CodeIgniter.php(509): CodeIgniter\CodeIgniter->runController(Object(App\Controllers\Clients\ClientController))
 4 SYSTEMPATH\CodeIgniter.php(355): CodeIgniter\CodeIgniter->handleRequest(null, Object(Config\Cache), false)
 5 SYSTEMPATH\Boot.php(312): CodeIgniter\CodeIgniter->run()
 6 SYSTEMPATH\Boot.php(67): CodeIgniter\Boot::runCodeIgniter(Object(CodeIgniter\CodeIgniter))
 7 FCPATH\index.php(56): CodeIgniter\Boot::bootWeb(Object(Config\Paths))
ERROR - 2024-10-23 21:48:24 --> Insertion failed: Invalid data or constraints violated.
ERROR - 2024-10-23 21:48:45 --> Insertion failed: Invalid data or constraints violated.
ERROR - 2024-10-23 21:49:29 --> mysqli_sql_exception: Column 'ID_CLIENTE' cannot be null in C:\xampp\htdocs\backend\system\Database\MySQLi\Connection.php:308
Stack trace:
#0 C:\xampp\htdocs\backend\system\Database\MySQLi\Connection.php(308): mysqli->query('INSERT INTO `cl...', 0)
#1 C:\xampp\htdocs\backend\system\Database\BaseConnection.php(722): CodeIgniter\Database\MySQLi\Connection->execute('INSERT INTO `cl...')
#2 C:\xampp\htdocs\backend\system\Database\BaseConnection.php(636): CodeIgniter\Database\BaseConnection->simpleQuery('INSERT INTO `cl...')
#3 C:\xampp\htdocs\backend\system\Database\BaseBuilder.php(2325): CodeIgniter\Database\BaseConnection->query('INSERT INTO `cl...', Array, false)
#4 C:\xampp\htdocs\backend\app\Models\Clients\ClientModel.php(32): CodeIgniter\Database\BaseBuilder->insert(Array)
#5 C:\xampp\htdocs\backend\app\Controllers\Clients\ClientController.php(41): App\Models\Clients\ClientModel->insertClient(Array)
#6 C:\xampp\htdocs\backend\system\CodeIgniter.php(933): App\Controllers\Clients\ClientController->insertClient()
#7 C:\xampp\htdocs\backend\system\CodeIgniter.php(509): CodeIgniter\CodeIgniter->runController(Object(App\Controllers\Clients\ClientController))
#8 C:\xampp\htdocs\backend\system\CodeIgniter.php(355): CodeIgniter\CodeIgniter->handleRequest(NULL, Object(Config\Cache), false)
#9 C:\xampp\htdocs\backend\system\Boot.php(312): CodeIgniter\CodeIgniter->run()
#10 C:\xampp\htdocs\backend\system\Boot.php(67): CodeIgniter\Boot::runCodeIgniter(Object(CodeIgniter\CodeIgniter))
#11 C:\xampp\htdocs\backend\index.php(56): CodeIgniter\Boot::bootWeb(Object(Config\Paths))
#12 {main}
CRITICAL - 2024-10-23 21:49:29 --> CodeIgniter\Database\Exceptions\DatabaseException: Column 'ID_CLIENTE' cannot be null
[Method: POST, Route: clients/insert]
in SYSTEMPATH\Database\BaseConnection.php on line 676.
 1 SYSTEMPATH\Database\BaseBuilder.php(2325): CodeIgniter\Database\BaseConnection->query('INSERT INTO `clientes` (`ID_CLIENTE`, `NOMBRE_CLIENTE`, `NIT`, `TELEFONO`, `DIRECCION`, `INFORMACION`) VALUES (:ID_CLIENTE:, :NOMBRE_CLIENTE:, :NIT:, :TELEFONO:, :DIRECCION:, :INFORMACION:)', [...], false)
 2 APPPATH\Models\Clients\ClientModel.php(32): CodeIgniter\Database\BaseBuilder->insert([...])
 3 APPPATH\Controllers\Clients\ClientController.php(41): App\Models\Clients\ClientModel->insertClient([...])
 4 SYSTEMPATH\CodeIgniter.php(933): App\Controllers\Clients\ClientController->insertClient()
 5 SYSTEMPATH\CodeIgniter.php(509): CodeIgniter\CodeIgniter->runController(Object(App\Controllers\Clients\ClientController))
 6 SYSTEMPATH\CodeIgniter.php(355): CodeIgniter\CodeIgniter->handleRequest(null, Object(Config\Cache), false)
 7 SYSTEMPATH\Boot.php(312): CodeIgniter\CodeIgniter->run()
 8 SYSTEMPATH\Boot.php(67): CodeIgniter\Boot::runCodeIgniter(Object(CodeIgniter\CodeIgniter))
 9 FCPATH\index.php(56): CodeIgniter\Boot::bootWeb(Object(Config\Paths))
CRITICAL - 2024-10-23 21:49:29 --> [Caused by] CodeIgniter\Database\Exceptions\DatabaseException: Column 'ID_CLIENTE' cannot be null
in SYSTEMPATH\Database\MySQLi\Connection.php on line 313.
 1 SYSTEMPATH\Database\BaseConnection.php(722): CodeIgniter\Database\MySQLi\Connection->execute('INSERT INTO `clientes` (`ID_CLIENTE`, `NOMBRE_CLIENTE`, `NIT`, `TELEFONO`, `DIRECCION`, `INFORMACION`) VALUES (NULL, \'Example\', \'0000\', \'+1234567897\', \'Carrera 13\', \'1\')')
 2 SYSTEMPATH\Database\BaseConnection.php(636): CodeIgniter\Database\BaseConnection->simpleQuery('INSERT INTO `clientes` (`ID_CLIENTE`, `NOMBRE_CLIENTE`, `NIT`, `TELEFONO`, `DIRECCION`, `INFORMACION`) VALUES (NULL, \'Example\', \'0000\', \'+1234567897\', \'Carrera 13\', \'1\')')
 3 SYSTEMPATH\Database\BaseBuilder.php(2325): CodeIgniter\Database\BaseConnection->query('INSERT INTO `clientes` (`ID_CLIENTE`, `NOMBRE_CLIENTE`, `NIT`, `TELEFONO`, `DIRECCION`, `INFORMACION`) VALUES (:ID_CLIENTE:, :NOMBRE_CLIENTE:, :NIT:, :TELEFONO:, :DIRECCION:, :INFORMACION:)', [...], false)
 4 APPPATH\Models\Clients\ClientModel.php(32): CodeIgniter\Database\BaseBuilder->insert([...])
 5 APPPATH\Controllers\Clients\ClientController.php(41): App\Models\Clients\ClientModel->insertClient([...])
 6 SYSTEMPATH\CodeIgniter.php(933): App\Controllers\Clients\ClientController->insertClient()
 7 SYSTEMPATH\CodeIgniter.php(509): CodeIgniter\CodeIgniter->runController(Object(App\Controllers\Clients\ClientController))
 8 SYSTEMPATH\CodeIgniter.php(355): CodeIgniter\CodeIgniter->handleRequest(null, Object(Config\Cache), false)
 9 SYSTEMPATH\Boot.php(312): CodeIgniter\CodeIgniter->run()
10 SYSTEMPATH\Boot.php(67): CodeIgniter\Boot::runCodeIgniter(Object(CodeIgniter\CodeIgniter))
11 FCPATH\index.php(56): CodeIgniter\Boot::bootWeb(Object(Config\Paths))
CRITICAL - 2024-10-23 21:49:29 --> [Caused by] mysqli_sql_exception: Column 'ID_CLIENTE' cannot be null
in SYSTEMPATH\Database\MySQLi\Connection.php on line 308.
 1 SYSTEMPATH\Database\MySQLi\Connection.php(308): mysqli->query('INSERT INTO `clientes` (`ID_CLIENTE`, `NOMBRE_CLIENTE`, `NIT`, `TELEFONO`, `DIRECCION`, `INFORMACION`) VALUES (NULL, \'Example\', \'0000\', \'+1234567897\', \'Carrera 13\', \'1\')', 0)
 2 SYSTEMPATH\Database\BaseConnection.php(722): CodeIgniter\Database\MySQLi\Connection->execute('INSERT INTO `clientes` (`ID_CLIENTE`, `NOMBRE_CLIENTE`, `NIT`, `TELEFONO`, `DIRECCION`, `INFORMACION`) VALUES (NULL, \'Example\', \'0000\', \'+1234567897\', \'Carrera 13\', \'1\')')
 3 SYSTEMPATH\Database\BaseConnection.php(636): CodeIgniter\Database\BaseConnection->simpleQuery('INSERT INTO `clientes` (`ID_CLIENTE`, `NOMBRE_CLIENTE`, `NIT`, `TELEFONO`, `DIRECCION`, `INFORMACION`) VALUES (NULL, \'Example\', \'0000\', \'+1234567897\', \'Carrera 13\', \'1\')')
 4 SYSTEMPATH\Database\BaseBuilder.php(2325): CodeIgniter\Database\BaseConnection->query('INSERT INTO `clientes` (`ID_CLIENTE`, `NOMBRE_CLIENTE`, `NIT`, `TELEFONO`, `DIRECCION`, `INFORMACION`) VALUES (:ID_CLIENTE:, :NOMBRE_CLIENTE:, :NIT:, :TELEFONO:, :DIRECCION:, :INFORMACION:)', [...], false)
 5 APPPATH\Models\Clients\ClientModel.php(32): CodeIgniter\Database\BaseBuilder->insert([...])
 6 APPPATH\Controllers\Clients\ClientController.php(41): App\Models\Clients\ClientModel->insertClient([...])
 7 SYSTEMPATH\CodeIgniter.php(933): App\Controllers\Clients\ClientController->insertClient()
 8 SYSTEMPATH\CodeIgniter.php(509): CodeIgniter\CodeIgniter->runController(Object(App\Controllers\Clients\ClientController))
 9 SYSTEMPATH\CodeIgniter.php(355): CodeIgniter\CodeIgniter->handleRequest(null, Object(Config\Cache), false)
10 SYSTEMPATH\Boot.php(312): CodeIgniter\CodeIgniter->run()
11 SYSTEMPATH\Boot.php(67): CodeIgniter\Boot::runCodeIgniter(Object(CodeIgniter\CodeIgniter))
12 FCPATH\index.php(56): CodeIgniter\Boot::bootWeb(Object(Config\Paths))
